This is XeTeX, Version 3.141592653-2.6-0.999997 (TeX Live 2025) (preloaded format=xelatex 2025.4.7)  7 APR 2025 16:13
entering extended mode
 restricted \write18 enabled.
 %&-line parsing enabled.
**autoavaliacao-2021-2024.tex
(./autoavaliacao-2021-2024.tex
LaTeX2e <2024-11-01> patch level 2
L3 programming layer <2025-01-18>
(/Users/arthurdesaferreira1/Library/TinyTeX/texmf-dist/tex/latex/base/book.cls
Document Class: book 2024/06/29 v1.4n Standard LaTeX document class
(/Users/arthurdesaferreira1/Library/TinyTeX/texmf-dist/tex/latex/base/bk10.clo
File: bk10.clo 2024/06/29 v1.4n Standard LaTeX file (size option)
)
\c@part=\count192
\c@chapter=\count193
\c@section=\count194
\c@subsection=\count195
\c@subsubsection=\count196
\c@paragraph=\count197
\c@subparagraph=\count198
\c@figure=\count199
\c@table=\count266
\abovecaptionskip=\skip49
\belowcaptionskip=\skip50
\bibindent=\dimen141
) (/Users/arthurdesaferreira1/Library/TinyTeX/texmf-dist/tex/latex/amsmath/amsmath.sty
Package: amsmath 2024/11/05 v2.17t AMS math features
\@mathmargin=\skip51
For additional information on amsmath, use the `?' option.
(/Users/arthurdesaferreira1/Library/TinyTeX/texmf-dist/tex/latex/amsmath/amstext.sty
Package: amstext 2021/08/26 v2.01 AMS text
(/Users/arthurdesaferreira1/Library/TinyTeX/texmf-dist/tex/latex/amsmath/amsgen.sty
File: amsgen.sty 1999/11/30 v2.0 generic functions
\@emptytoks=\toks17
\ex@=\dimen142
)) (/Users/arthurdesaferreira1/Library/TinyTeX/texmf-dist/tex/latex/amsmath/amsbsy.sty
Package: amsbsy 1999/11/29 v1.2d Bold Symbols
\pmbraise@=\dimen143
) (/Users/arthurdesaferreira1/Library/TinyTeX/texmf-dist/tex/latex/amsmath/amsopn.sty
Package: amsopn 2022/04/08 v2.04 operator names
)
\inf@bad=\count267
LaTeX Info: Redefining \frac on input line 233.
\uproot@=\count268
\leftroot@=\count269
LaTeX Info: Redefining \overline on input line 398.
LaTeX Info: Redefining \colon on input line 409.
\classnum@=\count270
\DOTSCASE@=\count271
LaTeX Info: Redefining \ldots on input line 495.
LaTeX Info: Redefining \dots on input line 498.
LaTeX Info: Redefining \cdots on input line 619.
\Mathstrutbox@=\box52
\strutbox@=\box53
LaTeX Info: Redefining \big on input line 721.
LaTeX Info: Redefining \Big on input line 722.
LaTeX Info: Redefining \bigg on input line 723.
LaTeX Info: Redefining \Bigg on input line 724.
\big@size=\dimen144
LaTeX Font Info:    Redeclaring font encoding OML on input line 742.
LaTeX Font Info:    Redeclaring font encoding OMS on input line 743.
\macc@depth=\count272
LaTeX Info: Redefining \bmod on input line 904.
LaTeX Info: Redefining \pmod on input line 909.
LaTeX Info: Redefining \smash on input line 939.
LaTeX Info: Redefining \relbar on input line 969.
LaTeX Info: Redefining \Relbar on input line 970.
\c@MaxMatrixCols=\count273
\dotsspace@=\muskip17
\c@parentequation=\count274
\dspbrk@lvl=\count275
\tag@help=\toks18
\row@=\count276
\column@=\count277
\maxfields@=\count278
\andhelp@=\toks19
\eqnshift@=\dimen145
\alignsep@=\dimen146
\tagshift@=\dimen147
\tagwidth@=\dimen148
\totwidth@=\dimen149
\lineht@=\dimen150
\@envbody=\toks20
\multlinegap=\skip52
\multlinetaggap=\skip53
\mathdisplay@stack=\toks21
LaTeX Info: Redefining \[ on input line 2953.
LaTeX Info: Redefining \] on input line 2954.
) (/Users/arthurdesaferreira1/Library/TinyTeX/texmf-dist/tex/latex/amsfonts/amssymb.sty
Package: amssymb 2013/01/14 v3.01 AMS font symbols
(/Users/arthurdesaferreira1/Library/TinyTeX/texmf-dist/tex/latex/amsfonts/amsfonts.sty
Package: amsfonts 2013/01/14 v3.01 Basic AMSFonts support
\symAMSa=\mathgroup4
\symAMSb=\mathgroup5
LaTeX Font Info:    Redeclaring math symbol \hbar on input line 98.
LaTeX Font Info:    Overwriting math alphabet `\mathfrak' in version `bold'
(Font)                  U/euf/m/n --> U/euf/b/n on input line 106.
)) (/Users/arthurdesaferreira1/Library/TinyTeX/texmf-dist/tex/generic/iftex/iftex.sty
Package: iftex 2024/12/12 v1.0g TeX engine tests
) (/Users/arthurdesaferreira1/Library/TinyTeX/texmf-dist/tex/latex/unicode-math/unicode-math.sty (/Users/arthurdesaferreira1/Library/TinyTeX/texmf-dist/tex/latex/l3kernel/expl3.sty
Package: expl3 2025-01-18 L3 programming layer (loader) 
(/Users/arthurdesaferreira1/Library/TinyTeX/texmf-dist/tex/latex/l3backend/l3backend-xetex.def
File: l3backend-xetex.def 2024-05-08 L3 backend support: XeTeX
\g__graphics_track_int=\count279
\l__pdf_internal_box=\box54
\g__pdf_backend_annotation_int=\count280
\g__pdf_backend_link_int=\count281
))
Package: unicode-math 2023/08/13 v0.8r Unicode maths in XeLaTeX and LuaLaTeX
(/Users/arthurdesaferreira1/Library/TinyTeX/texmf-dist/tex/latex/unicode-math/unicode-math-xetex.sty
Package: unicode-math-xetex 2023/08/13 v0.8r Unicode maths in XeLaTeX and LuaLaTeX
(/Users/arthurdesaferreira1/Library/TinyTeX/texmf-dist/tex/latex/l3packages/xparse/xparse.sty
Package: xparse 2024-08-16 L3 Experimental document command parser
) (/Users/arthurdesaferreira1/Library/TinyTeX/texmf-dist/tex/latex/l3packages/l3keys2e/l3keys2e.sty
Package: l3keys2e 2024-08-16 LaTeX2e option processing using LaTeX3 keys
) (/Users/arthurdesaferreira1/Library/TinyTeX/texmf-dist/tex/latex/fontspec/fontspec.sty
Package: fontspec 2024/05/11 v2.9e Font selection for XeLaTeX and LuaLaTeX
(/Users/arthurdesaferreira1/Library/TinyTeX/texmf-dist/tex/latex/fontspec/fontspec-xetex.sty
Package: fontspec-xetex 2024/05/11 v2.9e Font selection for XeLaTeX and LuaLaTeX
\l__fontspec_script_int=\count282
\l__fontspec_language_int=\count283
\l__fontspec_strnum_int=\count284
\l__fontspec_tmp_int=\count285
\l__fontspec_tmpa_int=\count286
\l__fontspec_tmpb_int=\count287
\l__fontspec_tmpc_int=\count288
\l__fontspec_em_int=\count289
\l__fontspec_emdef_int=\count290
\l__fontspec_strong_int=\count291
\l__fontspec_strongdef_int=\count292
\l__fontspec_tmpa_dim=\dimen151
\l__fontspec_tmpb_dim=\dimen152
\l__fontspec_tmpc_dim=\dimen153
(/Users/arthurdesaferreira1/Library/TinyTeX/texmf-dist/tex/latex/base/fontenc.sty
Package: fontenc 2021/04/29 v2.0v Standard LaTeX package
) (/Users/arthurdesaferreira1/Library/TinyTeX/texmf-dist/tex/latex/fontspec/fontspec.cfg))) (/Users/arthurdesaferreira1/Library/TinyTeX/texmf-dist/tex/latex/base/fix-cm.sty
Package: fix-cm 2020/11/24 v1.1t fixes to LaTeX
(/Users/arthurdesaferreira1/Library/TinyTeX/texmf-dist/tex/latex/base/ts1enc.def
File: ts1enc.def 2001/06/05 v3.0e (jk/car/fm) Standard LaTeX file
LaTeX Font Info:    Redeclaring font encoding TS1 on input line 47.
))
\g__um_fam_int=\count293
\g__um_fonts_used_int=\count294
\l__um_primecount_int=\count295
\g__um_primekern_muskip=\muskip18
(/Users/arthurdesaferreira1/Library/TinyTeX/texmf-dist/tex/latex/unicode-math/unicode-math-table.tex))) (/Users/arthurdesaferreira1/Library/TinyTeX/texmf-dist/tex/latex/lm/lmodern.sty
Package: lmodern 2015/05/01 v1.6.1 Latin Modern Fonts
LaTeX Font Info:    Overwriting symbol font `operators' in version `normal'
(Font)                  OT1/cmr/m/n --> OT1/lmr/m/n on input line 22.
LaTeX Font Info:    Overwriting symbol font `letters' in version `normal'
(Font)                  OML/cmm/m/it --> OML/lmm/m/it on input line 23.
LaTeX Font Info:    Overwriting symbol font `symbols' in version `normal'
(Font)                  OMS/cmsy/m/n --> OMS/lmsy/m/n on input line 24.
LaTeX Font Info:    Overwriting symbol font `largesymbols' in version `normal'
(Font)                  OMX/cmex/m/n --> OMX/lmex/m/n on input line 25.
LaTeX Font Info:    Overwriting symbol font `operators' in version `bold'
(Font)                  OT1/cmr/bx/n --> OT1/lmr/bx/n on input line 26.
LaTeX Font Info:    Overwriting symbol font `letters' in version `bold'
(Font)                  OML/cmm/b/it --> OML/lmm/b/it on input line 27.
LaTeX Font Info:    Overwriting symbol font `symbols' in version `bold'
(Font)                  OMS/cmsy/b/n --> OMS/lmsy/b/n on input line 28.
LaTeX Font Info:    Overwriting symbol font `largesymbols' in version `bold'
(Font)                  OMX/cmex/m/n --> OMX/lmex/m/n on input line 29.
LaTeX Font Info:    Overwriting math alphabet `\mathbf' in version `normal'
(Font)                  OT1/cmr/bx/n --> OT1/lmr/bx/n on input line 31.
LaTeX Font Info:    Overwriting math alphabet `\mathsf' in version `normal'
(Font)                  OT1/cmss/m/n --> OT1/lmss/m/n on input line 32.
LaTeX Font Info:    Overwriting math alphabet `\mathit' in version `normal'
(Font)                  OT1/cmr/m/it --> OT1/lmr/m/it on input line 33.
LaTeX Font Info:    Overwriting math alphabet `\mathtt' in version `normal'
(Font)                  OT1/cmtt/m/n --> OT1/lmtt/m/n on input line 34.
LaTeX Font Info:    Overwriting math alphabet `\mathbf' in version `bold'
(Font)                  OT1/cmr/bx/n --> OT1/lmr/bx/n on input line 35.
LaTeX Font Info:    Overwriting math alphabet `\mathsf' in version `bold'
(Font)                  OT1/cmss/bx/n --> OT1/lmss/bx/n on input line 36.
LaTeX Font Info:    Overwriting math alphabet `\mathit' in version `bold'
(Font)                  OT1/cmr/bx/it --> OT1/lmr/bx/it on input line 37.
LaTeX Font Info:    Overwriting math alphabet `\mathtt' in version `bold'
(Font)                  OT1/cmtt/m/n --> OT1/lmtt/m/n on input line 38.
) (/Users/arthurdesaferreira1/Library/TinyTeX/texmf-dist/tex/latex/xcolor/xcolor.sty
Package: xcolor 2024/09/29 v3.02 LaTeX color extensions (UK)
(/Users/arthurdesaferreira1/Library/TinyTeX/texmf-dist/tex/latex/graphics-cfg/color.cfg
File: color.cfg 2016/01/02 v1.6 sample color configuration
)
Package xcolor Info: Driver file: xetex.def on input line 274.
(/Users/arthurdesaferreira1/Library/TinyTeX/texmf-dist/tex/latex/graphics-def/xetex.def
File: xetex.def 2022/09/22 v5.0n Graphics/color driver for xetex
) (/Users/arthurdesaferreira1/Library/TinyTeX/texmf-dist/tex/latex/graphics/mathcolor.ltx)
Package xcolor Info: Model `cmy' substituted by `cmy0' on input line 1349.
Package xcolor Info: Model `RGB' extended on input line 1365.
Package xcolor Info: Model `HTML' substituted by `rgb' on input line 1367.
Package xcolor Info: Model `Hsb' substituted by `hsb' on input line 1368.
Package xcolor Info: Model `tHsb' substituted by `hsb' on input line 1369.
Package xcolor Info: Model `HSB' substituted by `hsb' on input line 1370.
Package xcolor Info: Model `Gray' substituted by `gray' on input line 1371.
Package xcolor Info: Model `wave' substituted by `hsb' on input line 1372.
) (/Users/arthurdesaferreira1/Library/TinyTeX/texmf-dist/tex/latex/geometry/geometry.sty
Package: geometry 2020/01/02 v5.9 Page Geometry
(/Users/arthurdesaferreira1/Library/TinyTeX/texmf-dist/tex/latex/graphics/keyval.sty
Package: keyval 2022/05/29 v1.15 key=value parser (DPC)
\KV@toks@=\toks22
) (/Users/arthurdesaferreira1/Library/TinyTeX/texmf-dist/tex/generic/iftex/ifvtex.sty
Package: ifvtex 2019/10/25 v1.7 ifvtex legacy package. Use iftex instead.
)
\Gm@cnth=\count296
\Gm@cntv=\count297
\c@Gm@tempcnt=\count298
\Gm@bindingoffset=\dimen154
\Gm@wd@mp=\dimen155
\Gm@odd@mp=\dimen156
\Gm@even@mp=\dimen157
\Gm@layoutwidth=\dimen158
\Gm@layoutheight=\dimen159
\Gm@layouthoffset=\dimen160
\Gm@layoutvoffset=\dimen161
\Gm@dimlist=\toks23
) (/Users/arthurdesaferreira1/Library/TinyTeX/texmf-dist/tex/latex/tools/longtable.sty
Package: longtable 2024-10-27 v4.22 Multi-page Table package (DPC)
\LTleft=\skip54
\LTright=\skip55
\LTpre=\skip56
\LTpost=\skip57
\LTchunksize=\count299
\LTcapwidth=\dimen162
\LT@head=\box55
\LT@firsthead=\box56
\LT@foot=\box57
\LT@lastfoot=\box58
\LT@gbox=\box59
\LT@cols=\count300
\LT@rows=\count301
\c@LT@tables=\count302
\c@LT@chunks=\count303
\LT@p@ftn=\toks24
) (/Users/arthurdesaferreira1/Library/TinyTeX/texmf-dist/tex/latex/booktabs/booktabs.sty
Package: booktabs 2020/01/12 v1.61803398 Publication quality tables
\heavyrulewidth=\dimen163
\lightrulewidth=\dimen164
\cmidrulewidth=\dimen165
\belowrulesep=\dimen166
\belowbottomsep=\dimen167
\aboverulesep=\dimen168
\abovetopsep=\dimen169
\cmidrulesep=\dimen170
\cmidrulekern=\dimen171
\defaultaddspace=\dimen172
\@cmidla=\count304
\@cmidlb=\count305
\@aboverulesep=\dimen173
\@belowrulesep=\dimen174
\@thisruleclass=\count306
\@lastruleclass=\count307
\@thisrulewidth=\dimen175
) (/Users/arthurdesaferreira1/Library/TinyTeX/texmf-dist/tex/latex/tools/array.sty
Package: array 2024/10/17 v2.6g Tabular extension package (FMi)
\col@sep=\dimen176
\ar@mcellbox=\box60
\extrarowheight=\dimen177
\NC@list=\toks25
\extratabsurround=\skip58
\backup@length=\skip59
\ar@cellbox=\box61
) (/Users/arthurdesaferreira1/Library/TinyTeX/texmf-dist/tex/latex/tools/calc.sty
Package: calc 2023/07/08 v4.3 Infix arithmetic (KKT,FJ)
\calc@Acount=\count308
\calc@Bcount=\count309
\calc@Adimen=\dimen178
\calc@Bdimen=\dimen179
\calc@Askip=\skip60
\calc@Bskip=\skip61
LaTeX Info: Redefining \setlength on input line 80.
LaTeX Info: Redefining \addtolength on input line 81.
\calc@Ccount=\count310
\calc@Cskip=\skip62
) (/Users/arthurdesaferreira1/Library/TinyTeX/texmf-dist/tex/latex/etoolbox/etoolbox.sty
Package: etoolbox 2025/02/11 v2.5l e-TeX tools for LaTeX (JAW)
\etb@tempcnta=\count311
) (/Users/arthurdesaferreira1/Library/TinyTeX/texmf-dist/tex/latex/mdwtools/footnote.sty
Package: footnote 1997/01/28 1.13 Save footnotes around boxes
\fn@notes=\box62
\fn@width=\dimen180
) (/Users/arthurdesaferreira1/Library/TinyTeX/texmf-dist/tex/latex/graphics/graphicx.sty
Package: graphicx 2021/09/16 v1.2d Enhanced LaTeX Graphics (DPC,SPQR)
(/Users/arthurdesaferreira1/Library/TinyTeX/texmf-dist/tex/latex/graphics/graphics.sty
Package: graphics 2024/08/06 v1.4g Standard LaTeX Graphics (DPC,SPQR)
(/Users/arthurdesaferreira1/Library/TinyTeX/texmf-dist/tex/latex/graphics/trig.sty
Package: trig 2023/12/02 v1.11 sin cos tan (DPC)
) (/Users/arthurdesaferreira1/Library/TinyTeX/texmf-dist/tex/latex/graphics-cfg/graphics.cfg
File: graphics.cfg 2016/06/04 v1.11 sample graphics configuration
)
Package graphics Info: Driver file: xetex.def on input line 106.
)
\Gin@req@height=\dimen181
\Gin@req@width=\dimen182
) (/Users/arthurdesaferreira1/Library/TinyTeX/texmf-dist/tex/generic/babel/babel.sty
Package: babel 2025/03/27 v25.6 The multilingual framework for pdfLaTeX, LuaLaTeX and XeLaTeX
\babel@savecnt=\count312
\U@D=\dimen183
\l@unhyphenated=\language4
(/Users/arthurdesaferreira1/Library/TinyTeX/texmf-dist/tex/generic/babel/xebabel.def)
\bbl@readstream=\read2
\bbl@dirlevel=\count313
(/Users/arthurdesaferreira1/Library/TinyTeX/texmf-dist/tex/generic/babel-portuges/brazilian.ldf
Language: portuges 2021/07/09 v1.2t Portuguese support from the babel system
Package babel Info: Hyphen rules for 'brazilian' set to \l@portuguese
(babel)             (\language3). Reported on input line 111.
Package babel Info: Making " an active character on input line 143.
)) (/Users/arthurdesaferreira1/Library/TinyTeX/texmf-dist/tex/generic/babel/locale/pt/babel-brazilian.tex
Package babel Info: Importing font and identification data for brazilian
(babel)             from babel-pt-BR.ini. Reported on input line 11.
) (/Users/arthurdesaferreira1/Library/TinyTeX/texmf-dist/tex/latex/academicons/academicons.sty
Package: academicons 2021/11/26 v1.9.1 Academicons Icons
) (/Users/arthurdesaferreira1/Library/TinyTeX/texmf-dist/tex/latex/fontawesome5/fontawesome5.sty
Package: fontawesome5 2022/05/02 v5.15.4 Font Awesome 5
(/Users/arthurdesaferreira1/Library/TinyTeX/texmf-dist/tex/latex/fontawesome5/fontawesome5-utex-helper.sty
Package: fontawesome5-utex-helper 2022/05/02 v5.15.4 uTeX helper for fontawesome5
LaTeX Font Info:    Trying to load font information for TU+fontawesomefree on input line 69.
(/Users/arthurdesaferreira1/Library/TinyTeX/texmf-dist/tex/latex/fontawesome5/tufontawesomefree.fd)
LaTeX Font Info:    Trying to load font information for TU+fontawesomebrands on input line 70.
(/Users/arthurdesaferreira1/Library/TinyTeX/texmf-dist/tex/latex/fontawesome5/tufontawesomebrands.fd))) (/Users/arthurdesaferreira1/Library/TinyTeX/texmf-dist/tex/latex/multirow/multirow.sty
Package: multirow 2024/11/12 v2.9 Span multiple rows of a table
\multirow@colwidth=\skip63
\multirow@cntb=\count314
\multirow@dima=\skip64
\bigstrutjot=\dimen184
) (/Users/arthurdesaferreira1/Library/TinyTeX/texmf-dist/tex/latex/tools/multicol.sty
Package: multicol 2024/09/14 v1.9i multicolumn formatting (FMi)
\c@tracingmulticols=\count315
\mult@box=\box63
\multicol@leftmargin=\dimen185
\c@unbalance=\count316
\c@collectmore=\count317
\doublecol@number=\count318
\multicoltolerance=\count319
\multicolpretolerance=\count320
\full@width=\dimen186
\page@free=\dimen187
\premulticols=\dimen188
\postmulticols=\dimen189
\multicolsep=\skip65
\multicolbaselineskip=\skip66
\partial@page=\box64
\last@line=\box65
\mc@boxedresult=\box66
\maxbalancingoverflow=\dimen190
\mult@rightbox=\box67
\mult@grightbox=\box68
\mult@firstbox=\box69
\mult@gfirstbox=\box70
\@tempa=\box71
\@tempa=\box72
\@tempa=\box73
\@tempa=\box74
\@tempa=\box75
\@tempa=\box76
\@tempa=\box77
\@tempa=\box78
\@tempa=\box79
\@tempa=\box80
\@tempa=\box81
\@tempa=\box82
\@tempa=\box83
\@tempa=\box84
\@tempa=\box85
\@tempa=\box86
\@tempa=\box87
\@tempa=\box88
\@tempa=\box89
\@tempa=\box90
\@tempa=\box91
\@tempa=\box92
\@tempa=\box93
\@tempa=\box94
\@tempa=\box95
\@tempa=\box96
\@tempa=\box97
\@tempa=\box98
\@tempa=\box99
\@tempa=\box100
\@tempa=\box101
\@tempa=\box102
\@tempa=\box103
\@tempa=\box104
\@tempa=\box105
\@tempa=\box106
\c@minrows=\count321
\c@columnbadness=\count322
\c@finalcolumnbadness=\count323
\last@try=\dimen191
\multicolovershoot=\dimen192
\multicolundershoot=\dimen193
\mult@nat@firstbox=\box107
\colbreak@box=\box108
\mc@col@check@num=\count324
) (/Users/arthurdesaferreira1/Library/TinyTeX/texmf-dist/tex/latex/wrapfig/wrapfig.sty
\wrapoverhang=\dimen194
\WF@size=\dimen195
\c@WF@wrappedlines=\count325
\WF@box=\box109
\WF@everypar=\toks26
Package: wrapfig 2003/01/31  v 3.6
) (/Users/arthurdesaferreira1/Library/TinyTeX/texmf-dist/tex/latex/placeins/placeins.sty
Package: placeins 2005/04/18  v 2.2
) (/Users/arthurdesaferreira1/Library/TinyTeX/texmf-dist/tex/latex/colortbl/colortbl.sty
Package: colortbl 2024/07/06 v1.0i Color table columns (DPC)
\everycr=\toks27
\minrowclearance=\skip67
\rownum=\count326
) (/Users/arthurdesaferreira1/Library/TinyTeX/texmf-dist/tex/latex/pdflscape/pdflscape.sty
Package: pdflscape 2022-10-27 v0.13 Display of landscape pages in PDF
(/Users/arthurdesaferreira1/Library/TinyTeX/texmf-dist/tex/latex/pdflscape/pdflscape-nometadata.sty
Package: pdflscape-nometadata 2022-10-28 v0.13 Display of landscape pages in PDF (HO)
(/Users/arthurdesaferreira1/Library/TinyTeX/texmf-dist/tex/latex/graphics/lscape.sty
Package: lscape 2020/05/28 v3.02 Landscape Pages (DPC)
)
Package pdflscape Info: Auto-detected driver: dvipdfm (xetex) on input line 98.
)) (/Users/arthurdesaferreira1/Library/TinyTeX/texmf-dist/tex/latex/tabularray/tabularray.sty
Package: tabularray 2025-03-11 v2025A Typeset tabulars and arrays with LaTeX3
(/Users/arthurdesaferreira1/Library/TinyTeX/texmf-dist/tex/latex/ninecolors/ninecolors.sty
Package: ninecolors 2022-02-13 v2022D Select colors with proper color contrast
)
\l__tblr_a_int=\count327
\l__tblr_c_int=\count328
\l__tblr_r_int=\count329
\l__tblr_d_dim=\dimen196
\l__tblr_h_dim=\dimen197
\l__tblr_o_dim=\dimen198
\l__tblr_p_dim=\dimen199
\l__tblr_q_dim=\dimen256
\l__tblr_r_dim=\dimen257
\l__tblr_s_dim=\dimen258
\l__tblr_t_dim=\dimen259
\l__tblr_v_dim=\dimen260
\l__tblr_w_dim=\dimen261
\l__tblr_a_box=\box110
\l__tblr_b_box=\box111
\l__tblr_c_box=\box112
\l__tblr_d_box=\box113
\c@tblrcount=\count330
\c@colnum=\count331
\c@rowcount=\count332
\c@colcount=\count333
\abovesep=\dimen262
\belowsep=\dimen263
\leftsep=\dimen264
\rightsep=\dimen265
\gTblrLevelInt=\count334
\g__tblr_data_row_key_count_int=\count335
\g__tblr_data_column_key_count_int=\count336
\g__tblr_data_cell_key_count_int=\count337
\g__tblr_array_int=\count338
\l__tblr_key_count_int=\count339
\l__tblr_key_quotient_int=\count340
\l__tblr_key_quotient_two_int=\count341
\l__tblr_key_remainder_int=\count342
\g__tblr_data_str_value_count_int=\count343
\lTblrChildTotalInt=\count344
\lTblrChildHtotalInt=\count345
\lTblrChildVtotalInt=\count346
\l__child_diff_h_int=\count347
\l__child_diff_v_int=\count348
\l__child_sign_h_int=\count349
\l__child_sign_v_int=\count350
\l__child_step_int=\count351
\lTblrDefaultHruleWidthDim=\dimen266
\lTblrDefaultVruleWidthDim=\dimen267
\l__tblr_split_balance_int=\count352
\l__tblr_strut_dp_dim=\dimen268
\l__tblr_strut_ht_dim=\dimen269
\g__tblr_cell_wd_dim=\dimen270
\g__tblr_cell_ht_dim=\dimen271
\g__tblr_cell_head_dim=\dimen272
\g__tblr_cell_foot_dim=\dimen273
\l__tblr_measured_cell_box=\box114
\g__tblr_last_box=\box115
\l__tblr_temp_box=\box116
\l__tblr_column_target_dim=\dimen274
\l__tblr_hfuzz_dim=\dimen275
\l__tblr_caption_box=\box117
\l__tblr_caption_left_box=\box118
\lTblrRowHeadInt=\count353
\lTblrRowFootInt=\count354
\l__tblr_row_head_box=\box119
\l__tblr_row_foot_box=\box120
\l__tblr_row_head_foot_dim=\dimen276
\lTblrTableWidthDim=\dimen277
\l__tblr_table_firsthead_box=\box121
\l__tblr_table_middlehead_box=\box122
\l__tblr_table_lasthead_box=\box123
\l__tblr_table_firstfoot_box=\box124
\l__tblr_table_middlefoot_box=\box125
\l__tblr_table_lastfoot_box=\box126
\l__tblr_remain_height_dim=\dimen278
\l__tblr_long_from_int=\count355
\l__tblr_long_to_int=\count356
\l__tblr_curr_i_int=\count357
\l__tblr_prev_i_int=\count358
\lTblrTablePageInt=\count359
\l__tblr_table_head_box=\box127
\l__tblr_table_foot_box=\box128
\l__tblr_table_head_foot_dim=\dimen279
\l__tblr_table_head_body_foot_dim=\dimen280
\l__tblr_table_box=\box129
\lTblrRowFirstInt=\count360
\lTblrRowLastInt=\count361
\l__tblr_table_hlines_box=\box130
\l__tblr_hline_box=\box131
\l__tblr_row_box=\box132
\l__tblr_col_o_wd_dim=\dimen281
\l__tblr_col_b_wd_dim=\dimen282
\l__tblr_hline_leftskip_dim=\dimen283
\l__tblr_hline_rightskip_dim=\dimen284
\l__tblr_row_ht_dim=\dimen285
\l__tblr_row_dp_dim=\dimen286
\l__tblr_row_abovesep_dim=\dimen287
\l__tblr_row_belowsep_dim=\dimen288
\l__tblr_row_vlines_box=\box133
\l__tblr_vline_box=\box134
\l__tblr_cell_box=\box135
\l__tblr_row_upper_dim=\dimen289
\l__tblr_row_lower_dim=\dimen290
\l__tblr_row_vpace_dim=\dimen291
\l__tblr_vline_aboveskip_dim=\dimen292
\l__tblr_vline_belowskip_dim=\dimen293
\lTblrCellRowSpanInt=\count362
\lTblrCellColSpanInt=\count363
\l__tblr_cell_wd_dim=\dimen294
\l__tblr_cell_ht_dim=\dimen295
\lTblrCellAboveBorderWidthDim=\dimen296
\lTblrCellBelowBorderWidthDim=\dimen297
\lTblrCellLeftBorderWidthDim=\dimen298
\lTblrCellRightBorderWidthDim=\dimen299
\l__tblr_diag_box=\box136
\l__tblr_cell_inner_wd_dim=\dimen300
\l__tblr_cell_inner_dp_dim=\dimen301
\l__tblr_cell_hanchor_dim=\dimen302
\l__tblr_last_cell_table_ht_dim=\dimen303
\l__tblr_last_cell_table_dp_dim=\dimen304
\l__tblr_last_vline_wd_dim=\dimen305
\l__tblr_tikz_node_box=\box137
) (/Users/arthurdesaferreira1/Library/TinyTeX/texmf-dist/tex/latex/float/float.sty
Package: float 2001/11/08 v1.3d Float enhancements (AL)
\c@float@type=\count364
\float@exts=\toks28
\float@box=\box138
\@float@everytoks=\toks29
\@floatcapt=\box139
) (/Users/arthurdesaferreira1/Library/TinyTeX/texmf-dist/tex/latex/graphics/rotating.sty
Package: rotating 2016/08/11 v2.16d rotated objects in LaTeX
(/Users/arthurdesaferreira1/Library/TinyTeX/texmf-dist/tex/latex/base/ifthen.sty
Package: ifthen 2024/03/16 v1.1e Standard LaTeX ifthen package (DPC)
)
\c@r@tfl@t=\count365
\rotFPtop=\skip68
\rotFPbot=\skip69
\rot@float@box=\box140
\rot@mess@toks=\toks30
) (/Users/arthurdesaferreira1/Library/TinyTeX/texmf-dist/tex/generic/ulem/ulem.sty
\UL@box=\box141
\UL@hyphenbox=\box142
\UL@skip=\skip70
\UL@hook=\toks31
\UL@height=\dimen306
\UL@pe=\count366
\UL@pixel=\dimen307
\ULC@box=\box143
Package: ulem 2019/11/18
\ULdepth=\dimen308
) (/Users/arthurdesaferreira1/Library/TinyTeX/texmf-dist/tex/latex/tabu/tabu.sty
Package: tabu 2019/01/11 v2.9 - flexible LaTeX tabulars (FC+tabu-fixed)
(/Users/arthurdesaferreira1/Library/TinyTeX/texmf-dist/tex/latex/varwidth/varwidth.sty
Package: varwidth 2009/03/30 ver 0.92;  Variable-width minipages
\@vwid@box=\box144
\sift@deathcycles=\count367
\@vwid@loff=\dimen309
\@vwid@roff=\dimen310
)
\c@taburow=\count368
\tabu@nbcols=\count369
\tabu@cnt=\count370
\tabu@Xcol=\count371
\tabu@alloc=\count372
\tabu@nested=\count373
\tabu@target=\dimen311
\tabu@spreadtarget=\dimen312
\tabu@naturalX=\dimen313
\tabucolX=\dimen314
\tabu@Xsum=\dimen315
\extrarowdepth=\dimen316
\abovetabulinesep=\dimen317
\belowtabulinesep=\dimen318
\tabustrutrule=\dimen319
\tabu@thebody=\toks32
\tabu@footnotes=\toks33
\tabu@box=\box145
\tabu@arstrutbox=\box146
\tabu@hleads=\box147
\tabu@vleads=\box148
\tabu@cellskip=\skip71
) (/Users/arthurdesaferreira1/Library/TinyTeX/texmf-dist/tex/latex/threeparttable/threeparttable.sty
Package: threeparttable 2003/06/13  v 3.0
\@tempboxb=\box149
) (/Users/arthurdesaferreira1/Library/TinyTeX/texmf-dist/tex/latex/threeparttablex/threeparttablex.sty
Package: threeparttablex 2013/07/23 v0.3 by daleif
(/Users/arthurdesaferreira1/Library/TinyTeX/texmf-dist/tex/latex/environ/environ.sty
Package: environ 2014/05/04 v0.3 A new way to define environments
(/Users/arthurdesaferreira1/Library/TinyTeX/texmf-dist/tex/latex/trimspaces/trimspaces.sty
Package: trimspaces 2009/09/17 v1.1 Trim spaces around a token list
))
\TPTL@width=\skip72
) (/Users/arthurdesaferreira1/Library/TinyTeX/texmf-dist/tex/latex/makecell/makecell.sty
Package: makecell 2009/08/03 V0.1e Managing of Tab Column Heads and Cells
\rotheadsize=\dimen320
\c@nlinenum=\count374
\TeXr@lab=\toks34
) (/Users/arthurdesaferreira1/Library/TinyTeX/texmf-dist/tex/latex/ltablex/ltablex.sty
Package: ltablex 2014/08/13 v1.1 Modified tabularx
(/Users/arthurdesaferreira1/Library/TinyTeX/texmf-dist/tex/latex/tools/tabularx.sty
Package: tabularx 2023/12/11 v2.12a `tabularx' package (DPC)
\TX@col@width=\dimen321
\TX@old@table=\dimen322
\TX@old@col=\dimen323
\TX@target=\dimen324
\TX@delta=\dimen325
\TX@cols=\count375
\TX@ftn=\toks35
)) (/Users/arthurdesaferreira1/Library/TinyTeX/texmf-dist/tex/latex/letltxmacro/letltxmacro.sty
Package: letltxmacro 2019/12/03 v1.6 Let assignment for LaTeX macros (HO)
) (/Users/arthurdesaferreira1/Library/TinyTeX/texmf-dist/tex/latex/pdfpages/pdfpages.sty
Package: pdfpages 2025/03/12 v0.6f Insert pages of external PDF documents (AM)
(/Users/arthurdesaferreira1/Library/TinyTeX/texmf-dist/tex/latex/eso-pic/eso-pic.sty
Package: eso-pic 2023/05/03 v3.0c eso-pic (RN)
\ESO@tempdima=\dimen326
\ESO@tempdimb=\dimen327
)
\AM@pagewidth=\dimen328
\AM@pageheight=\dimen329
\AM@fboxrule=\dimen330
(/Users/arthurdesaferreira1/Library/TinyTeX/texmf-dist/tex/latex/pdfpages/ppxetex.def
File: ppxetex.def 2025/03/12 v0.6f Pdfpages driver for XeTeX (AM)
)
\pdfpages@includegraphics@status=\count376
\AM@pagebox=\box150
\AM@global@opts=\toks36
\AM@pagecnt=\count377
\AM@toc@title=\toks37
\AM@lof@heading=\toks38
\c@AM@survey=\count378
\AM@templatesizebox=\box151
) (/Users/arthurdesaferreira1/Library/TinyTeX/texmf-dist/tex/latex/svg/svg.sty
Package: svg 2020/11/26 v2.02k (include SVG pictures)
(/Users/arthurdesaferreira1/Library/TinyTeX/texmf-dist/tex/latex/koma-script/scrbase.sty
Package: scrbase 2024/10/24 v3.43 KOMA-Script package (KOMA-Script-independent basics and keyval usage)
(/Users/arthurdesaferreira1/Library/TinyTeX/texmf-dist/tex/latex/koma-script/scrlfile.sty
Package: scrlfile 2024/10/24 v3.43 KOMA-Script package (file load hooks)
(/Users/arthurdesaferreira1/Library/TinyTeX/texmf-dist/tex/latex/koma-script/scrlfile-hook.sty
Package: scrlfile-hook 2024/10/24 v3.43 KOMA-Script package (using LaTeX hooks)
(/Users/arthurdesaferreira1/Library/TinyTeX/texmf-dist/tex/latex/koma-script/scrlogo.sty
Package: scrlogo 2024/10/24 v3.43 KOMA-Script package (logo)
)))
Applying: [2021/05/01] Usage of raw or classic option list on input line 254.
Already applied: [0000/00/00] Usage of raw or classic option list on input line 370.
) (/Users/arthurdesaferreira1/Library/TinyTeX/texmf-dist/tex/generic/pdftexcmds/pdftexcmds.sty
Package: pdftexcmds 2020-06-27 v0.33 Utility functions of pdfTeX for LuaTeX (HO)
(/Users/arthurdesaferreira1/Library/TinyTeX/texmf-dist/tex/generic/infwarerr/infwarerr.sty
Package: infwarerr 2019/12/03 v1.5 Providing info/warning/error messages (HO)
) (/Users/arthurdesaferreira1/Library/TinyTeX/texmf-dist/tex/generic/ltxcmds/ltxcmds.sty
Package: ltxcmds 2023-12-04 v1.26 LaTeX kernel commands for general use (HO)
)
Package pdftexcmds Info: \pdf@primitive is available.
Package pdftexcmds Info: \pdf@ifprimitive is available.
Package pdftexcmds Info: \pdfdraftmode not found.
) (/Users/arthurdesaferreira1/Library/TinyTeX/texmf-dist/tex/latex/tools/shellesc.sty
Package: shellesc 2023/07/08 v1.0d unified shell escape interface for LaTeX
Package shellesc Info: Restricted shell escape enabled on input line 77.
)
\c@svg@param@lastpage=\count379
\svg@box=\box152
\c@svg@param@currpage=\count380
) (/Users/arthurdesaferreira1/Library/TinyTeX/texmf-dist/tex/latex/tcolorbox/tcolorbox.sty
Package: tcolorbox 2024/10/22 version 6.4.1 text color boxes
(/Users/arthurdesaferreira1/Library/TinyTeX/texmf-dist/tex/latex/pgf/frontendlayer/tikz.sty (/Users/arthurdesaferreira1/Library/TinyTeX/texmf-dist/tex/latex/pgf/basiclayer/pgf.sty (/Users/arthurdesaferreira1/Library/TinyTeX/texmf-dist/tex/latex/pgf/utilities/pgfrcs.sty (/Users/arthurdesaferreira1/Library/TinyTeX/texmf-dist/tex/generic/pgf/utilities/pgfutil-common.tex
\pgfutil@everybye=\toks39
\pgfutil@tempdima=\dimen331
\pgfutil@tempdimb=\dimen332
) (/Users/arthurdesaferreira1/Library/TinyTeX/texmf-dist/tex/generic/pgf/utilities/pgfutil-latex.def
\pgfutil@abb=\box153
) (/Users/arthurdesaferreira1/Library/TinyTeX/texmf-dist/tex/generic/pgf/utilities/pgfrcs.code.tex (/Users/arthurdesaferreira1/Library/TinyTeX/texmf-dist/tex/generic/pgf/pgf.revision.tex)
Package: pgfrcs 2023-01-15 v3.1.10 (3.1.10)
))
Package: pgf 2023-01-15 v3.1.10 (3.1.10)
(/Users/arthurdesaferreira1/Library/TinyTeX/texmf-dist/tex/latex/pgf/basiclayer/pgfcore.sty (/Users/arthurdesaferreira1/Library/TinyTeX/texmf-dist/tex/latex/pgf/systemlayer/pgfsys.sty (/Users/arthurdesaferreira1/Library/TinyTeX/texmf-dist/tex/generic/pgf/systemlayer/pgfsys.code.tex
Package: pgfsys 2023-01-15 v3.1.10 (3.1.10)
(/Users/arthurdesaferreira1/Library/TinyTeX/texmf-dist/tex/generic/pgf/utilities/pgfkeys.code.tex
\pgfkeys@pathtoks=\toks40
\pgfkeys@temptoks=\toks41
(/Users/arthurdesaferreira1/Library/TinyTeX/texmf-dist/tex/generic/pgf/utilities/pgfkeyslibraryfiltered.code.tex
\pgfkeys@tmptoks=\toks42
))
\pgf@x=\dimen333
\pgf@y=\dimen334
\pgf@xa=\dimen335
\pgf@ya=\dimen336
\pgf@xb=\dimen337
\pgf@yb=\dimen338
\pgf@xc=\dimen339
\pgf@yc=\dimen340
\pgf@xd=\dimen341
\pgf@yd=\dimen342
\w@pgf@writea=\write3
\r@pgf@reada=\read3
\c@pgf@counta=\count381
\c@pgf@countb=\count382
\c@pgf@countc=\count383
\c@pgf@countd=\count384
\t@pgf@toka=\toks43
\t@pgf@tokb=\toks44
\t@pgf@tokc=\toks45
\pgf@sys@id@count=\count385
(/Users/arthurdesaferreira1/Library/TinyTeX/texmf-dist/tex/generic/pgf/systemlayer/pgf.cfg
File: pgf.cfg 2023-01-15 v3.1.10 (3.1.10)
)
Driver file for pgf: pgfsys-xetex.def
(/Users/arthurdesaferreira1/Library/TinyTeX/texmf-dist/tex/generic/pgf/systemlayer/pgfsys-xetex.def
File: pgfsys-xetex.def 2023-01-15 v3.1.10 (3.1.10)
(/Users/arthurdesaferreira1/Library/TinyTeX/texmf-dist/tex/generic/pgf/systemlayer/pgfsys-dvipdfmx.def
File: pgfsys-dvipdfmx.def 2023-01-15 v3.1.10 (3.1.10)
(/Users/arthurdesaferreira1/Library/TinyTeX/texmf-dist/tex/generic/pgf/systemlayer/pgfsys-common-pdf.def
File: pgfsys-common-pdf.def 2023-01-15 v3.1.10 (3.1.10)
)
\pgfsys@objnum=\count386
))) (/Users/arthurdesaferreira1/Library/TinyTeX/texmf-dist/tex/generic/pgf/systemlayer/pgfsyssoftpath.code.tex
File: pgfsyssoftpath.code.tex 2023-01-15 v3.1.10 (3.1.10)
\pgfsyssoftpath@smallbuffer@items=\count387
\pgfsyssoftpath@bigbuffer@items=\count388
) (/Users/arthurdesaferreira1/Library/TinyTeX/texmf-dist/tex/generic/pgf/systemlayer/pgfsysprotocol.code.tex
File: pgfsysprotocol.code.tex 2023-01-15 v3.1.10 (3.1.10)
)) (/Users/arthurdesaferreira1/Library/TinyTeX/texmf-dist/tex/generic/pgf/basiclayer/pgfcore.code.tex
Package: pgfcore 2023-01-15 v3.1.10 (3.1.10)
(/Users/arthurdesaferreira1/Library/TinyTeX/texmf-dist/tex/generic/pgf/math/pgfmath.code.tex (/Users/arthurdesaferreira1/Library/TinyTeX/texmf-dist/tex/generic/pgf/math/pgfmathutil.code.tex) (/Users/arthurdesaferreira1/Library/TinyTeX/texmf-dist/tex/generic/pgf/math/pgfmathparser.code.tex
\pgfmath@dimen=\dimen343
\pgfmath@count=\count389
\pgfmath@box=\box154
\pgfmath@toks=\toks46
\pgfmath@stack@operand=\toks47
\pgfmath@stack@operation=\toks48
) (/Users/arthurdesaferreira1/Library/TinyTeX/texmf-dist/tex/generic/pgf/math/pgfmathfunctions.code.tex) (/Users/arthurdesaferreira1/Library/TinyTeX/texmf-dist/tex/generic/pgf/math/pgfmathfunctions.basic.code.tex) (/Users/arthurdesaferreira1/Library/TinyTeX/texmf-dist/tex/generic/pgf/math/pgfmathfunctions.trigonometric.code.tex) (/Users/arthurdesaferreira1/Library/TinyTeX/texmf-dist/tex/generic/pgf/math/pgfmathfunctions.random.code.tex) (/Users/arthurdesaferreira1/Library/TinyTeX/texmf-dist/tex/generic/pgf/math/pgfmathfunctions.comparison.code.tex) (/Users/arthurdesaferreira1/Library/TinyTeX/texmf-dist/tex/generic/pgf/math/pgfmathfunctions.base.code.tex) (/Users/arthurdesaferreira1/Library/TinyTeX/texmf-dist/tex/generic/pgf/math/pgfmathfunctions.round.code.tex) (/Users/arthurdesaferreira1/Library/TinyTeX/texmf-dist/tex/generic/pgf/math/pgfmathfunctions.misc.code.tex) (/Users/arthurdesaferreira1/Library/TinyTeX/texmf-dist/tex/generic/pgf/math/pgfmathfunctions.integerarithmetics.code.tex) (/Users/arthurdesaferreira1/Library/TinyTeX/texmf-dist/tex/generic/pgf/math/pgfmathcalc.code.tex) (/Users/arthurdesaferreira1/Library/TinyTeX/texmf-dist/tex/generic/pgf/math/pgfmathfloat.code.tex
\c@pgfmathroundto@lastzeros=\count390
)) (/Users/arthurdesaferreira1/Library/TinyTeX/texmf-dist/tex/generic/pgf/math/pgfint.code.tex) (/Users/arthurdesaferreira1/Library/TinyTeX/texmf-dist/tex/generic/pgf/basiclayer/pgfcorepoints.code.tex
File: pgfcorepoints.code.tex 2023-01-15 v3.1.10 (3.1.10)
\pgf@picminx=\dimen344
\pgf@picmaxx=\dimen345
\pgf@picminy=\dimen346
\pgf@picmaxy=\dimen347
\pgf@pathminx=\dimen348
\pgf@pathmaxx=\dimen349
\pgf@pathminy=\dimen350
\pgf@pathmaxy=\dimen351
\pgf@xx=\dimen352
\pgf@xy=\dimen353
\pgf@yx=\dimen354
\pgf@yy=\dimen355
\pgf@zx=\dimen356
\pgf@zy=\dimen357
) (/Users/arthurdesaferreira1/Library/TinyTeX/texmf-dist/tex/generic/pgf/basiclayer/pgfcorepathconstruct.code.tex
File: pgfcorepathconstruct.code.tex 2023-01-15 v3.1.10 (3.1.10)
\pgf@path@lastx=\dimen358
\pgf@path@lasty=\dimen359
) (/Users/arthurdesaferreira1/Library/TinyTeX/texmf-dist/tex/generic/pgf/basiclayer/pgfcorepathusage.code.tex
File: pgfcorepathusage.code.tex 2023-01-15 v3.1.10 (3.1.10)
\pgf@shorten@end@additional=\dimen360
\pgf@shorten@start@additional=\dimen361
) (/Users/arthurdesaferreira1/Library/TinyTeX/texmf-dist/tex/generic/pgf/basiclayer/pgfcorescopes.code.tex
File: pgfcorescopes.code.tex 2023-01-15 v3.1.10 (3.1.10)
\pgfpic=\box155
\pgf@hbox=\box156
\pgf@layerbox@main=\box157
\pgf@picture@serial@count=\count391
) (/Users/arthurdesaferreira1/Library/TinyTeX/texmf-dist/tex/generic/pgf/basiclayer/pgfcoregraphicstate.code.tex
File: pgfcoregraphicstate.code.tex 2023-01-15 v3.1.10 (3.1.10)
\pgflinewidth=\dimen362
) (/Users/arthurdesaferreira1/Library/TinyTeX/texmf-dist/tex/generic/pgf/basiclayer/pgfcoretransformations.code.tex
File: pgfcoretransformations.code.tex 2023-01-15 v3.1.10 (3.1.10)
\pgf@pt@x=\dimen363
\pgf@pt@y=\dimen364
\pgf@pt@temp=\dimen365
) (/Users/arthurdesaferreira1/Library/TinyTeX/texmf-dist/tex/generic/pgf/basiclayer/pgfcorequick.code.tex
File: pgfcorequick.code.tex 2023-01-15 v3.1.10 (3.1.10)
) (/Users/arthurdesaferreira1/Library/TinyTeX/texmf-dist/tex/generic/pgf/basiclayer/pgfcoreobjects.code.tex
File: pgfcoreobjects.code.tex 2023-01-15 v3.1.10 (3.1.10)
) (/Users/arthurdesaferreira1/Library/TinyTeX/texmf-dist/tex/generic/pgf/basiclayer/pgfcorepathprocessing.code.tex
File: pgfcorepathprocessing.code.tex 2023-01-15 v3.1.10 (3.1.10)
) (/Users/arthurdesaferreira1/Library/TinyTeX/texmf-dist/tex/generic/pgf/basiclayer/pgfcorearrows.code.tex
File: pgfcorearrows.code.tex 2023-01-15 v3.1.10 (3.1.10)
\pgfarrowsep=\dimen366
) (/Users/arthurdesaferreira1/Library/TinyTeX/texmf-dist/tex/generic/pgf/basiclayer/pgfcoreshade.code.tex
File: pgfcoreshade.code.tex 2023-01-15 v3.1.10 (3.1.10)
\pgf@max=\dimen367
\pgf@sys@shading@range@num=\count392
\pgf@shadingcount=\count393
) (/Users/arthurdesaferreira1/Library/TinyTeX/texmf-dist/tex/generic/pgf/basiclayer/pgfcoreimage.code.tex
File: pgfcoreimage.code.tex 2023-01-15 v3.1.10 (3.1.10)
) (/Users/arthurdesaferreira1/Library/TinyTeX/texmf-dist/tex/generic/pgf/basiclayer/pgfcoreexternal.code.tex
File: pgfcoreexternal.code.tex 2023-01-15 v3.1.10 (3.1.10)
\pgfexternal@startupbox=\box158
) (/Users/arthurdesaferreira1/Library/TinyTeX/texmf-dist/tex/generic/pgf/basiclayer/pgfcorelayers.code.tex
File: pgfcorelayers.code.tex 2023-01-15 v3.1.10 (3.1.10)
) (/Users/arthurdesaferreira1/Library/TinyTeX/texmf-dist/tex/generic/pgf/basiclayer/pgfcoretransparency.code.tex
File: pgfcoretransparency.code.tex 2023-01-15 v3.1.10 (3.1.10)
) (/Users/arthurdesaferreira1/Library/TinyTeX/texmf-dist/tex/generic/pgf/basiclayer/pgfcorepatterns.code.tex
File: pgfcorepatterns.code.tex 2023-01-15 v3.1.10 (3.1.10)
) (/Users/arthurdesaferreira1/Library/TinyTeX/texmf-dist/tex/generic/pgf/basiclayer/pgfcorerdf.code.tex
File: pgfcorerdf.code.tex 2023-01-15 v3.1.10 (3.1.10)
))) (/Users/arthurdesaferreira1/Library/TinyTeX/texmf-dist/tex/generic/pgf/modules/pgfmoduleshapes.code.tex
File: pgfmoduleshapes.code.tex 2023-01-15 v3.1.10 (3.1.10)
\pgfnodeparttextbox=\box159
) (/Users/arthurdesaferreira1/Library/TinyTeX/texmf-dist/tex/generic/pgf/modules/pgfmoduleplot.code.tex
File: pgfmoduleplot.code.tex 2023-01-15 v3.1.10 (3.1.10)
) (/Users/arthurdesaferreira1/Library/TinyTeX/texmf-dist/tex/latex/pgf/compatibility/pgfcomp-version-0-65.sty
Package: pgfcomp-version-0-65 2023-01-15 v3.1.10 (3.1.10)
\pgf@nodesepstart=\dimen368
\pgf@nodesepend=\dimen369
) (/Users/arthurdesaferreira1/Library/TinyTeX/texmf-dist/tex/latex/pgf/compatibility/pgfcomp-version-1-18.sty
Package: pgfcomp-version-1-18 2023-01-15 v3.1.10 (3.1.10)
)) (/Users/arthurdesaferreira1/Library/TinyTeX/texmf-dist/tex/latex/pgf/utilities/pgffor.sty (/Users/arthurdesaferreira1/Library/TinyTeX/texmf-dist/tex/latex/pgf/utilities/pgfkeys.sty (/Users/arthurdesaferreira1/Library/TinyTeX/texmf-dist/tex/generic/pgf/utilities/pgfkeys.code.tex)) (/Users/arthurdesaferreira1/Library/TinyTeX/texmf-dist/tex/latex/pgf/math/pgfmath.sty (/Users/arthurdesaferreira1/Library/TinyTeX/texmf-dist/tex/generic/pgf/math/pgfmath.code.tex)) (/Users/arthurdesaferreira1/Library/TinyTeX/texmf-dist/tex/generic/pgf/utilities/pgffor.code.tex
Package: pgffor 2023-01-15 v3.1.10 (3.1.10)
\pgffor@iter=\dimen370
\pgffor@skip=\dimen371
\pgffor@stack=\toks49
\pgffor@toks=\toks50
)) (/Users/arthurdesaferreira1/Library/TinyTeX/texmf-dist/tex/generic/pgf/frontendlayer/tikz/tikz.code.tex
Package: tikz 2023-01-15 v3.1.10 (3.1.10)
(/Users/arthurdesaferreira1/Library/TinyTeX/texmf-dist/tex/generic/pgf/libraries/pgflibraryplothandlers.code.tex
File: pgflibraryplothandlers.code.tex 2023-01-15 v3.1.10 (3.1.10)
\pgf@plot@mark@count=\count394
\pgfplotmarksize=\dimen372
)
\tikz@lastx=\dimen373
\tikz@lasty=\dimen374
\tikz@lastxsaved=\dimen375
\tikz@lastysaved=\dimen376
\tikz@lastmovetox=\dimen377
\tikz@lastmovetoy=\dimen378
\tikzleveldistance=\dimen379
\tikzsiblingdistance=\dimen380
\tikz@figbox=\box160
\tikz@figbox@bg=\box161
\tikz@tempbox=\box162
\tikz@tempbox@bg=\box163
\tikztreelevel=\count395
\tikznumberofchildren=\count396
\tikznumberofcurrentchild=\count397
\tikz@fig@count=\count398
(/Users/arthurdesaferreira1/Library/TinyTeX/texmf-dist/tex/generic/pgf/modules/pgfmodulematrix.code.tex
File: pgfmodulematrix.code.tex 2023-01-15 v3.1.10 (3.1.10)
\pgfmatrixcurrentrow=\count399
\pgfmatrixcurrentcolumn=\count400
\pgf@matrix@numberofcolumns=\count401
)
\tikz@expandcount=\count402
(/Users/arthurdesaferreira1/Library/TinyTeX/texmf-dist/tex/generic/pgf/frontendlayer/tikz/libraries/tikzlibrarytopaths.code.tex
File: tikzlibrarytopaths.code.tex 2023-01-15 v3.1.10 (3.1.10)
))) (/Users/arthurdesaferreira1/Library/TinyTeX/texmf-dist/tex/latex/tools/verbatim.sty
Package: verbatim 2024-01-22 v1.5x LaTeX2e package for verbatim enhancements
\every@verbatim=\toks51
\verbatim@line=\toks52
\verbatim@in@stream=\read4
)
\tcb@titlebox=\box164
\tcb@upperbox=\box165
\tcb@lowerbox=\box166
\tcb@phantombox=\box167
\c@tcbbreakpart=\count403
\c@tcblayer=\count404
\c@tcolorbox@number=\count405
\l__tcobox_tmpa_box=\box168
\l__tcobox_tmpa_dim=\dimen381
\tcb@temp=\box169
\tcb@temp=\box170
\tcb@temp=\box171
\tcb@temp=\box172
) (/Users/arthurdesaferreira1/Library/TinyTeX/texmf-dist/tex/latex/titlesec/titlesec.sty
Package: titlesec 2025/01/04 v2.17 Sectioning titles
\ttl@box=\box173
\beforetitleunit=\skip73
\aftertitleunit=\skip74
\ttl@plus=\dimen382
\ttl@minus=\dimen383
\ttl@toksa=\toks53
\titlewidth=\dimen384
\titlewidthlast=\dimen385
\titlewidthfirst=\dimen386
) (/Users/arthurdesaferreira1/Library/TinyTeX/texmf-dist/tex/latex/tocloft/tocloft.sty
Package: tocloft 2017/08/31 v2.3i parameterised ToC, etc., typesetting
Package tocloft Info: The document has chapter divisions on input line 51.
\cftparskip=\skip75
\cftbeforetoctitleskip=\skip76
\cftaftertoctitleskip=\skip77
\cftbeforepartskip=\skip78
\cftpartnumwidth=\skip79
\cftpartindent=\skip80
\cftbeforechapskip=\skip81
\cftchapindent=\skip82
\cftchapnumwidth=\skip83
\cftbeforesecskip=\skip84
\cftsecindent=\skip85
\cftsecnumwidth=\skip86
\cftbeforesubsecskip=\skip87
\cftsubsecindent=\skip88
\cftsubsecnumwidth=\skip89
\cftbeforesubsubsecskip=\skip90
\cftsubsubsecindent=\skip91
\cftsubsubsecnumwidth=\skip92
\cftbeforeparaskip=\skip93
\cftparaindent=\skip94
\cftparanumwidth=\skip95
\cftbeforesubparaskip=\skip96
\cftsubparaindent=\skip97
\cftsubparanumwidth=\skip98
\cftbeforeloftitleskip=\skip99
\cftafterloftitleskip=\skip100
\cftbeforefigskip=\skip101
\cftfigindent=\skip102
\cftfignumwidth=\skip103
\c@lofdepth=\count406
\c@lotdepth=\count407
\cftbeforelottitleskip=\skip104
\cftafterlottitleskip=\skip105
\cftbeforetabskip=\skip106
\cfttabindent=\skip107
\cfttabnumwidth=\skip108
) (/Users/arthurdesaferreira1/Library/TinyTeX/texmf-dist/tex/latex/hyperref/hyperref.sty
Package: hyperref 2024-11-05 v7.01l Hypertext links for LaTeX
(/Users/arthurdesaferreira1/Library/TinyTeX/texmf-dist/tex/latex/kvsetkeys/kvsetkeys.sty
Package: kvsetkeys 2022-10-05 v1.19 Key value parser (HO)
) (/Users/arthurdesaferreira1/Library/TinyTeX/texmf-dist/tex/generic/kvdefinekeys/kvdefinekeys.sty
Package: kvdefinekeys 2019-12-19 v1.6 Define keys (HO)
) (/Users/arthurdesaferreira1/Library/TinyTeX/texmf-dist/tex/generic/pdfescape/pdfescape.sty
Package: pdfescape 2019/12/09 v1.15 Implements pdfTeX's escape features (HO)
) (/Users/arthurdesaferreira1/Library/TinyTeX/texmf-dist/tex/latex/hycolor/hycolor.sty
Package: hycolor 2020-01-27 v1.10 Color options for hyperref/bookmark (HO)
) (/Users/arthurdesaferreira1/Library/TinyTeX/texmf-dist/tex/latex/hyperref/nameref.sty
Package: nameref 2023-11-26 v2.56 Cross-referencing by name of section
(/Users/arthurdesaferreira1/Library/TinyTeX/texmf-dist/tex/latex/refcount/refcount.sty
Package: refcount 2019/12/15 v3.6 Data extraction from label references (HO)
) (/Users/arthurdesaferreira1/Library/TinyTeX/texmf-dist/tex/generic/gettitlestring/gettitlestring.sty
Package: gettitlestring 2019/12/15 v1.6 Cleanup title references (HO)
(/Users/arthurdesaferreira1/Library/TinyTeX/texmf-dist/tex/latex/kvoptions/kvoptions.sty
Package: kvoptions 2022-06-15 v3.15 Key value format for package options (HO)
))
\c@section@level=\count408
) (/Users/arthurdesaferreira1/Library/TinyTeX/texmf-dist/tex/generic/stringenc/stringenc.sty
Package: stringenc 2019/11/29 v1.12 Convert strings between diff. encodings (HO)
)
\@linkdim=\dimen387
\Hy@linkcounter=\count409
\Hy@pagecounter=\count410
(/Users/arthurdesaferreira1/Library/TinyTeX/texmf-dist/tex/latex/hyperref/pd1enc.def
File: pd1enc.def 2024-11-05 v7.01l Hyperref: PDFDocEncoding definition (HO)
) (/Users/arthurdesaferreira1/Library/TinyTeX/texmf-dist/tex/generic/intcalc/intcalc.sty
Package: intcalc 2019/12/15 v1.3 Expandable calculations with integers (HO)
)
\Hy@SavedSpaceFactor=\count411
(/Users/arthurdesaferreira1/Library/TinyTeX/texmf-dist/tex/latex/hyperref/puenc.def
File: puenc.def 2024-11-05 v7.01l Hyperref: PDF Unicode definition (HO)
)
Package hyperref Info: Option `unicode' set `true' on input line 4040.
Package hyperref Info: Hyper figures OFF on input line 4157.
Package hyperref Info: Link nesting OFF on input line 4162.
Package hyperref Info: Hyper index ON on input line 4165.
Package hyperref Info: Plain pages OFF on input line 4172.
Package hyperref Info: Backreferencing OFF on input line 4177.
Package hyperref Info: Implicit mode ON; LaTeX internals redefined.
Package hyperref Info: Bookmarks ON on input line 4424.
\c@Hy@tempcnt=\count412
(/Users/arthurdesaferreira1/Library/TinyTeX/texmf-dist/tex/latex/url/url.sty
\Urlmuskip=\muskip19
Package: url 2013/09/16  ver 3.4  Verb mode for urls, etc.
)
LaTeX Info: Redefining \url on input line 4763.
\XeTeXLinkMargin=\dimen388
(/Users/arthurdesaferreira1/Library/TinyTeX/texmf-dist/tex/generic/bitset/bitset.sty
Package: bitset 2019/12/09 v1.3 Handle bit-vector datatype (HO)
(/Users/arthurdesaferreira1/Library/TinyTeX/texmf-dist/tex/generic/bigintcalc/bigintcalc.sty
Package: bigintcalc 2019/12/15 v1.5 Expandable calculations on big integers (HO)
))
\Fld@menulength=\count413
\Field@Width=\dimen389
\Fld@charsize=\dimen390
Package hyperref Info: Hyper figures OFF on input line 6042.
Package hyperref Info: Link nesting OFF on input line 6047.
Package hyperref Info: Hyper index ON on input line 6050.
Package hyperref Info: backreferencing OFF on input line 6057.
Package hyperref Info: Link coloring OFF on input line 6062.
Package hyperref Info: Link coloring with OCG OFF on input line 6067.
Package hyperref Info: PDF/A mode OFF on input line 6072.
(/Users/arthurdesaferreira1/Library/TinyTeX/texmf-dist/tex/latex/base/atbegshi-ltx.sty
Package: atbegshi-ltx 2021/01/10 v1.0c Emulation of the original atbegshi
package with kernel methods
)
\Hy@abspage=\count414
\c@Item=\count415
\c@Hfootnote=\count416
)
Package hyperref Info: Driver (autodetected): hxetex.
(/Users/arthurdesaferreira1/Library/TinyTeX/texmf-dist/tex/latex/hyperref/hxetex.def
File: hxetex.def 2024-11-05 v7.01l Hyperref driver for XeTeX
\pdfm@box=\box174
\c@Hy@AnnotLevel=\count417
\HyField@AnnotCount=\count418
\Fld@listcount=\count419
\c@bookmark@seq@number=\count420
(/Users/arthurdesaferreira1/Library/TinyTeX/texmf-dist/tex/latex/rerunfilecheck/rerunfilecheck.sty
Package: rerunfilecheck 2022-07-10 v1.10 Rerun checks for auxiliary files (HO)
(/Users/arthurdesaferreira1/Library/TinyTeX/texmf-dist/tex/latex/base/atveryend-ltx.sty
Package: atveryend-ltx 2020/08/19 v1.0a Emulation of the original atveryend package
with kernel methods
) (/Users/arthurdesaferreira1/Library/TinyTeX/texmf-dist/tex/generic/uniquecounter/uniquecounter.sty
Package: uniquecounter 2019/12/15 v1.4 Provide unlimited unique counter (HO)
)
Package uniquecounter Info: New unique counter `rerunfilecheck' on input line 285.
)
\Hy@SectionHShift=\skip109
) (/Users/arthurdesaferreira1/Library/TinyTeX/texmf-dist/tex/latex/siunitx/siunitx.sty
Package: siunitx 2025-03-26 v3.4.8 A comprehensive (SI) units package
\l__siunitx_number_uncert_offset_int=\count421
\l__siunitx_number_exponent_fixed_int=\count422
\l__siunitx_number_min_decimal_int=\count423
\l__siunitx_number_min_integer_int=\count424
\l__siunitx_number_round_precision_int=\count425
\l__siunitx_number_lower_threshold_int=\count426
\l__siunitx_number_upper_threshold_int=\count427
\l__siunitx_number_group_first_int=\count428
\l__siunitx_number_group_size_int=\count429
\l__siunitx_number_group_minimum_int=\count430
\l__siunitx_angle_tmp_dim=\dimen391
\l__siunitx_angle_marker_box=\box175
\l__siunitx_angle_unit_box=\box176
\l__siunitx_compound_count_int=\count431
\l__siunitx_table_tmp_box=\box177
\l__siunitx_table_tmp_dim=\dimen392
\l__siunitx_table_column_width_dim=\dimen393
\l__siunitx_table_integer_box=\box178
\l__siunitx_table_decimal_box=\box179
\l__siunitx_table_uncert_box=\box180
\l__siunitx_table_before_box=\box181
\l__siunitx_table_after_box=\box182
\l__siunitx_table_before_dim=\dimen394
\l__siunitx_table_carry_dim=\dimen395
\l__siunitx_unit_tmp_int=\count432
\l__siunitx_unit_position_int=\count433
\l__siunitx_unit_total_int=\count434
) (/Users/arthurdesaferreira1/Library/TinyTeX/texmf-dist/tex/latex/bookmark/bookmark.sty
Package: bookmark 2023-12-10 v1.31 PDF bookmarks (HO)
(/Users/arthurdesaferreira1/Library/TinyTeX/texmf-dist/tex/latex/bookmark/bkm-dvipdfm.def
File: bkm-dvipdfm.def 2023-12-10 v1.31 bookmark driver for dvipdfm (HO)
\BKM@id=\count435
)) (./autoavaliacao-2021-2024.aux
Package babel Info: 'brazilian' activates 'portuges' shorthands.
(babel)             Reported  on input line 8.

LaTeX Warning: Label `tab:2-2-1-list-tables' multiply defined.


LaTeX Warning: Label `tab:2-2-1-list-tables' multiply defined.


LaTeX Warning: Label `tab:2-2-2-list-tables' multiply defined.


LaTeX Warning: Label `tab:2-2-2-list-tables' multiply defined.


LaTeX Warning: Label `tab:turmas' multiply defined.


LaTeX Warning: Label `tab:turmas' multiply defined.

)
\openout1 = `autoavaliacao-2021-2024.aux'.

LaTeX Font Info:    Checking defaults for OML/cmm/m/it on input line 197.
LaTeX Font Info:    ... okay on input line 197.
LaTeX Font Info:    Checking defaults for OMS/cmsy/m/n on input line 197.
LaTeX Font Info:    ... okay on input line 197.
LaTeX Font Info:    Checking defaults for OT1/cmr/m/n on input line 197.
LaTeX Font Info:    ... okay on input line 197.
LaTeX Font Info:    Checking defaults for T1/cmr/m/n on input line 197.
LaTeX Font Info:    ... okay on input line 197.
LaTeX Font Info:    Checking defaults for TS1/cmr/m/n on input line 197.
LaTeX Font Info:    ... okay on input line 197.
LaTeX Font Info:    Checking defaults for TU/lmr/m/n on input line 197.
LaTeX Font Info:    ... okay on input line 197.
LaTeX Font Info:    Checking defaults for OMX/cmex/m/n on input line 197.
LaTeX Font Info:    ... okay on input line 197.
LaTeX Font Info:    Checking defaults for U/cmr/m/n on input line 197.
LaTeX Font Info:    ... okay on input line 197.
LaTeX Font Info:    Checking defaults for PD1/pdf/m/n on input line 197.
LaTeX Font Info:    ... okay on input line 197.
LaTeX Font Info:    Checking defaults for PU/pdf/m/n on input line 197.
LaTeX Font Info:    ... okay on input line 197.
LaTeX Font Info:    Overwriting math alphabet `\mathrm' in version `normal'
(Font)                  OT1/lmr/m/n --> TU/lmr/m/n on input line 197.
LaTeX Font Info:    Overwriting math alphabet `\mathit' in version `normal'
(Font)                  OT1/lmr/m/it --> TU/lmr/m/it on input line 197.
LaTeX Font Info:    Overwriting math alphabet `\mathbf' in version `normal'
(Font)                  OT1/lmr/bx/n --> TU/lmr/bx/n on input line 197.
LaTeX Font Info:    Overwriting math alphabet `\mathsf' in version `normal'
(Font)                  OT1/lmss/m/n --> TU/lmss/m/n on input line 197.
LaTeX Font Info:    Overwriting math alphabet `\mathsf' in version `bold'
(Font)                  OT1/lmss/bx/n --> TU/lmss/bx/n on input line 197.
LaTeX Font Info:    Overwriting math alphabet `\mathtt' in version `normal'
(Font)                  OT1/lmtt/m/n --> TU/lmtt/m/n on input line 197.
LaTeX Font Info:    Overwriting math alphabet `\mathtt' in version `bold'
(Font)                  OT1/lmtt/m/n --> TU/lmtt/bx/n on input line 197.

Package fontspec Info: 
(fontspec)             latinmodern-math scale = 0.9999964596882403.


Package fontspec Info: 
(fontspec)             latinmodern-math scale = 0.9999964596882403.


Package fontspec Info: 
(fontspec)             latinmodern-math scale = 0.9999964596882403.


Package fontspec Info: 
(fontspec)             Font family 'latinmodern-math.otf(0)' created for font
(fontspec)             'latinmodern-math.otf' with options
(fontspec)             [Scale=MatchLowercase,BoldItalicFont={},ItalicFont={},SmallCapsFont={},Script=Math,BoldFont={latinmodern-math.otf}].
(fontspec)              
(fontspec)              This font family consists of the following NFSS
(fontspec)             series/shapes:
(fontspec)              
(fontspec)             - 'normal' (m/n) with NFSS spec.:
(fontspec)             <->s*[0.9999964596882403]"[latinmodern-math.otf]/OT:script=math;language=dflt;"
(fontspec)             - 'bold' (b/n) with NFSS spec.:
(fontspec)             <->s*[0.9999964596882403]"[latinmodern-math.otf]/OT:script=math;language=dflt;"

LaTeX Font Info:    Font shape `TU/latinmodern-math.otf(0)/m/n' will be
(Font)              scaled to size 10.0pt on input line 197.

Package fontspec Info: 
(fontspec)             latinmodern-math scale = 0.9999964596882403.


Package fontspec Info: 
(fontspec)             latinmodern-math scale = 0.9999964596882403.


Package fontspec Info: 
(fontspec)             latinmodern-math scale = 0.9999964596882403.


Package fontspec Info: 
(fontspec)             latinmodern-math scale = 0.9999964596882403.


Package fontspec Info: 
(fontspec)             latinmodern-math scale = 0.9999964596882403.


Package fontspec Info: 
(fontspec)             Font family 'latinmodern-math.otf(1)' created for font
(fontspec)             'latinmodern-math.otf' with options
(fontspec)             [Scale=MatchLowercase,BoldItalicFont={},ItalicFont={},SmallCapsFont={},Script=Math,SizeFeatures={{Size=8.5-},{Size=6-8.5,Font=latinmodern-math.otf,Style=MathScript},{Size=-6,Font=latinmodern-math.otf,Style=MathScriptScript}},BoldFont={latinmodern-math.otf}].
(fontspec)              
(fontspec)              This font family consists of the following NFSS
(fontspec)             series/shapes:
(fontspec)              
(fontspec)             - 'normal' (m/n) with NFSS spec.:
(fontspec)             <8.5->s*[0.9999964596882403]"[latinmodern-math.otf]/OT:script=math;language=dflt;"<6-8.5>s*[0.9999964596882403]"[latinmodern-math.otf]/OT:script=math;language=dflt;+ssty=0;"<-6>s*[0.9999964596882403]"[latinmodern-math.otf]/OT:script=math;language=dflt;+ssty=1;"
(fontspec)             - 'bold' (b/n) with NFSS spec.:
(fontspec)             <->s*[0.9999964596882403]"[latinmodern-math.otf]/OT:script=math;language=dflt;"

LaTeX Font Info:    Font shape `TU/latinmodern-math.otf(1)/m/n' will be
(Font)              scaled to size 10.0pt on input line 197.
LaTeX Font Info:    Encoding `OT1' has changed to `TU' for symbol font
(Font)              `operators' in the math version `normal' on input line 197.
LaTeX Font Info:    Overwriting symbol font `operators' in version `normal'
(Font)                  OT1/lmr/m/n --> TU/latinmodern-math.otf(1)/m/n on input line 197.
LaTeX Font Info:    Encoding `OT1' has changed to `TU' for symbol font
(Font)              `operators' in the math version `bold' on input line 197.
LaTeX Font Info:    Overwriting symbol font `operators' in version `bold'
(Font)                  OT1/lmr/bx/n --> TU/latinmodern-math.otf(1)/b/n on input line 197.

Package fontspec Info: 
(fontspec)             latinmodern-math scale = 0.9999964596882403.


Package fontspec Info: 
(fontspec)             latinmodern-math scale = 1.000096459334209.


Package fontspec Info: 
(fontspec)             latinmodern-math scale = 0.9999964596882403.


Package fontspec Info: 
(fontspec)             latinmodern-math scale = 1.000096459334209.


Package fontspec Info: 
(fontspec)             latinmodern-math scale = 0.9999964596882403.


Package fontspec Info: 
(fontspec)             latinmodern-math scale = 1.000096459334209.


Package fontspec Info: 
(fontspec)             latinmodern-math scale = 0.9999964596882403.


Package fontspec Info: 
(fontspec)             latinmodern-math scale = 1.000096459334209.


Package fontspec Info: 
(fontspec)             latinmodern-math scale = 0.9999964596882403.


Package fontspec Info: 
(fontspec)             latinmodern-math scale = 1.000096459334209.


Package fontspec Info: 
(fontspec)             Font family 'latinmodern-math.otf(2)' created for font
(fontspec)             'latinmodern-math.otf' with options
(fontspec)             [Scale=MatchLowercase,BoldItalicFont={},ItalicFont={},SmallCapsFont={},Script=Math,SizeFeatures={{Size=8.5-},{Size=6-8.5,Font=latinmodern-math.otf,Style=MathScript},{Size=-6,Font=latinmodern-math.otf,Style=MathScriptScript}},BoldFont={latinmodern-math.otf},ScaleAgain=1.0001,FontAdjustment={\fontdimen
(fontspec)             8\font =6.77pt\relax \fontdimen 9\font =3.94pt\relax
(fontspec)             \fontdimen 10\font =4.44pt\relax \fontdimen 11\font
(fontspec)             =6.86pt\relax \fontdimen 12\font =3.45pt\relax
(fontspec)             \fontdimen 13\font =3.63pt\relax \fontdimen 14\font
(fontspec)             =3.63pt\relax \fontdimen 15\font =2.89pt\relax
(fontspec)             \fontdimen 16\font =2.47pt\relax \fontdimen 17\font
(fontspec)             =2.47pt\relax \fontdimen 18\font =2.5pt\relax
(fontspec)             \fontdimen 19\font =2.0pt\relax \fontdimen 22\font
(fontspec)             =2.5pt\relax \fontdimen 20\font =0pt\relax \fontdimen
(fontspec)             21\font =0pt\relax }].
(fontspec)              
(fontspec)              This font family consists of the following NFSS
(fontspec)             series/shapes:
(fontspec)              
(fontspec)             - 'normal' (m/n) with NFSS spec.:
(fontspec)             <8.5->s*[1.000096459334209]"[latinmodern-math.otf]/OT:script=math;language=dflt;"<6-8.5>s*[1.000096459334209]"[latinmodern-math.otf]/OT:script=math;language=dflt;+ssty=0;"<-6>s*[1.000096459334209]"[latinmodern-math.otf]/OT:script=math;language=dflt;+ssty=1;"
(fontspec)             - 'bold' (b/n) with NFSS spec.:
(fontspec)             <->s*[1.000096459334209]"[latinmodern-math.otf]/OT:script=math;language=dflt;"

LaTeX Font Info:    Encoding `OMS' has changed to `TU' for symbol font
(Font)              `symbols' in the math version `normal' on input line 197.
LaTeX Font Info:    Overwriting symbol font `symbols' in version `normal'
(Font)                  OMS/lmsy/m/n --> TU/latinmodern-math.otf(2)/m/n on input line 197.
LaTeX Font Info:    Encoding `OMS' has changed to `TU' for symbol font
(Font)              `symbols' in the math version `bold' on input line 197.
LaTeX Font Info:    Overwriting symbol font `symbols' in version `bold'
(Font)                  OMS/lmsy/b/n --> TU/latinmodern-math.otf(2)/b/n on input line 197.

Package fontspec Info: 
(fontspec)             latinmodern-math scale = 0.9999964596882403.


Package fontspec Info: 
(fontspec)             latinmodern-math scale = 0.9998964600422715.


Package fontspec Info: 
(fontspec)             latinmodern-math scale = 0.9999964596882403.


Package fontspec Info: 
(fontspec)             latinmodern-math scale = 0.9998964600422715.


Package fontspec Info: 
(fontspec)             latinmodern-math scale = 0.9999964596882403.


Package fontspec Info: 
(fontspec)             latinmodern-math scale = 0.9998964600422715.


Package fontspec Info: 
(fontspec)             latinmodern-math scale = 0.9999964596882403.


Package fontspec Info: 
(fontspec)             latinmodern-math scale = 0.9998964600422715.


Package fontspec Info: 
(fontspec)             latinmodern-math scale = 0.9999964596882403.


Package fontspec Info: 
(fontspec)             latinmodern-math scale = 0.9998964600422715.


Package fontspec Info: 
(fontspec)             Font family 'latinmodern-math.otf(3)' created for font
(fontspec)             'latinmodern-math.otf' with options
(fontspec)             [Scale=MatchLowercase,BoldItalicFont={},ItalicFont={},SmallCapsFont={},Script=Math,SizeFeatures={{Size=8.5-},{Size=6-8.5,Font=latinmodern-math.otf,Style=MathScript},{Size=-6,Font=latinmodern-math.otf,Style=MathScriptScript}},BoldFont={latinmodern-math.otf},ScaleAgain=0.9999,FontAdjustment={\fontdimen
(fontspec)             8\font =0.4pt\relax \fontdimen 9\font =2.0pt\relax
(fontspec)             \fontdimen 10\font =1.67pt\relax \fontdimen 11\font
(fontspec)             =1.11pt\relax \fontdimen 12\font =6.0pt\relax
(fontspec)             \fontdimen 13\font =0pt\relax }].
(fontspec)              
(fontspec)              This font family consists of the following NFSS
(fontspec)             series/shapes:
(fontspec)              
(fontspec)             - 'normal' (m/n) with NFSS spec.:
(fontspec)             <8.5->s*[0.9998964600422715]"[latinmodern-math.otf]/OT:script=math;language=dflt;"<6-8.5>s*[0.9998964600422715]"[latinmodern-math.otf]/OT:script=math;language=dflt;+ssty=0;"<-6>s*[0.9998964600422715]"[latinmodern-math.otf]/OT:script=math;language=dflt;+ssty=1;"
(fontspec)             - 'bold' (b/n) with NFSS spec.:
(fontspec)             <->s*[0.9998964600422715]"[latinmodern-math.otf]/OT:script=math;language=dflt;"

LaTeX Font Info:    Encoding `OMX' has changed to `TU' for symbol font
(Font)              `largesymbols' in the math version `normal' on input line 197.
LaTeX Font Info:    Overwriting symbol font `largesymbols' in version `normal'
(Font)                  OMX/lmex/m/n --> TU/latinmodern-math.otf(3)/m/n on input line 197.
LaTeX Font Info:    Encoding `OMX' has changed to `TU' for symbol font
(Font)              `largesymbols' in the math version `bold' on input line 197.
LaTeX Font Info:    Overwriting symbol font `largesymbols' in version `bold'
(Font)                  OMX/lmex/m/n --> TU/latinmodern-math.otf(3)/b/n on input line 197.
*geometry* driver: auto-detecting
*geometry* detected driver: xetex
*geometry* verbose mode - [ preamble ] result:
* driver: xetex
* paper: a4paper
* layout: <same size as paper>
* layoutoffset:(h,v)=(0.0pt,0.0pt)
* modes: 
* h-part:(L,W,R)=(56.9055pt, 483.69687pt, 56.9055pt)
* v-part:(T,H,B)=(56.9055pt, 731.23584pt, 56.9055pt)
* \paperwidth=597.50787pt
* \paperheight=845.04684pt
* \textwidth=483.69687pt
* \textheight=731.23584pt
* \oddsidemargin=-15.36449pt
* \evensidemargin=-15.36449pt
* \topmargin=-45.43198pt
* \headheight=12.0pt
* \headsep=18.06749pt
* \topskip=10.0pt
* \footskip=25.29494pt
* \marginparwidth=61.0pt
* \marginparsep=7.0pt
* \columnsep=10.0pt
* \skip\footins=9.0pt plus 4.0pt minus 2.0pt
* \hoffset=0.0pt
* \voffset=0.0pt
* \mag=1000
* \@twocolumnfalse
* \@twosidefalse
* \@mparswitchfalse
* \@reversemarginfalse
* (1in=72.27pt=25.4mm, 1cm=28.453pt)

Package hyperref Info: Link coloring OFF on input line 197.
File: PPG/Images/Cover-1.pdf Graphic file (type pdf)
<use PPG/Images/Cover-1.pdf>
File: PPG/Images/Cover-1.pdf Graphic file (type pdf)
<use PPG/Images/Cover-1.pdf, page 1>
File: PPG/Images/Cover-1.pdf Graphic file (type pdf)
<use PPG/Images/Cover-1.pdf, page 1>
File: PPG/Images/Cover-1.pdf Graphic file (type pdf)
<use PPG/Images/Cover-1.pdf, page 1>
File: PPG/Images/Cover-1.pdf Graphic file (type pdf)
<use PPG/Images/Cover-1.pdf, page 1>


File: PPG/Images/Cover-1.pdf Graphic file (type pdf)
<use PPG/Images/Cover-1.pdf, page 1>
[1



]
File: PPG/Images/Cover-2.pdf Graphic file (type pdf)
<use PPG/Images/Cover-2.pdf>
File: PPG/Images/Cover-2.pdf Graphic file (type pdf)
<use PPG/Images/Cover-2.pdf, page 1>
File: PPG/Images/Cover-2.pdf Graphic file (type pdf)
<use PPG/Images/Cover-2.pdf, page 1>
File: PPG/Images/Cover-2.pdf Graphic file (type pdf)
<use PPG/Images/Cover-2.pdf, page 1>
File: PPG/Images/Cover-2.pdf Graphic file (type pdf)
<use PPG/Images/Cover-2.pdf, page 1>


File: PPG/Images/Cover-2.pdf Graphic file (type pdf)
<use PPG/Images/Cover-2.pdf, page 1>
[2

] (./autoavaliacao-2021-2024.toc
LaTeX Font Info:    Font shape `TU/latinmodern-math.otf(1)/m/n' will be
(Font)              scaled to size 7.0pt on input line 2.
LaTeX Font Info:    Font shape `TU/latinmodern-math.otf(1)/m/n' will be
(Font)              scaled to size 5.0pt on input line 2.
LaTeX Font Info:    Trying to load font information for OML+lmm on input line 2.
(/Users/arthurdesaferreira1/Library/TinyTeX/texmf-dist/tex/latex/lm/omllmm.fd
File: omllmm.fd 2015/05/01 v1.6.1 Font defs for Latin Modern
)
LaTeX Font Info:    Font shape `TU/latinmodern-math.otf(2)/m/n' will be
(Font)              scaled to size 10.00092pt on input line 2.
LaTeX Font Info:    Font shape `TU/latinmodern-math.otf(2)/m/n' will be
(Font)              scaled to size 7.00064pt on input line 2.
LaTeX Font Info:    Font shape `TU/latinmodern-math.otf(2)/m/n' will be
(Font)              scaled to size 5.00046pt on input line 2.
LaTeX Font Info:    Font shape `TU/latinmodern-math.otf(3)/m/n' will be
(Font)              scaled to size 9.99893pt on input line 2.
LaTeX Font Info:    Font shape `TU/latinmodern-math.otf(3)/m/n' will be
(Font)              scaled to size 6.99925pt on input line 2.
LaTeX Font Info:    Font shape `TU/latinmodern-math.otf(3)/m/n' will be
(Font)              scaled to size 4.99947pt on input line 2.
LaTeX Font Info:    Trying to load font information for U+msa on input line 2.
(/Users/arthurdesaferreira1/Library/TinyTeX/texmf-dist/tex/latex/amsfonts/umsa.fd
File: umsa.fd 2013/01/14 v3.01 AMS symbols A
)
LaTeX Font Info:    Trying to load font information for U+msb on input line 2.
(/Users/arthurdesaferreira1/Library/TinyTeX/texmf-dist/tex/latex/amsfonts/umsb.fd
File: umsb.fd 2013/01/14 v3.01 AMS symbols B
))
\tf@toc=\write4
\openout4 = `autoavaliacao-2021-2024.toc'.



[3]

[1



]

[2]
Overfull \hbox (3.09442pt too wide) in paragraph at lines 278--290
 [][] 
 []



[3]
Overfull \hbox (3.09442pt too wide) in paragraph at lines 299--317
 [][] 
 []



[4]
Overfull \hbox (3.09442pt too wide) in paragraph at lines 326--351
 [][] 
 []



[5]
Underfull \hbox (badness 1033) in paragraph at lines 395--395
[]\TU/lmr/m/n/10 Aprendizagem Motora e Associaes
 []


Underfull \hbox (badness 5787) in paragraph at lines 395--395
\TU/lmr/m/n/10 enas Crnicas No Transmissveis
 []


Underfull \hbox (badness 1048) in paragraph at lines 395--395
[]\TU/lmr/m/n/10 Estudos De Avaliao e Interveno
 []


Underfull \hbox (badness 1389) in paragraph at lines 395--395
\TU/lmr/m/n/10 Curta Da Escala De Confiana No
 []


Underfull \hbox (badness 1565) in paragraph at lines 395--395
[]\TU/lmr/m/n/10 Efeitos Da Vibrao De Corpo In-
 []


Underfull \hbox (badness 1033) in paragraph at lines 395--395
[]\TU/lmr/m/n/10 Aprendizagem Motora e Associaes
 []


Underfull \hbox (badness 5787) in paragraph at lines 395--395
\TU/lmr/m/n/10 enas Crnicas No Transmissveis
 []


Underfull \hbox (badness 1048) in paragraph at lines 395--395
[]\TU/lmr/m/n/10 Estudos De Avaliao e Interveno
 []



[6

]
Underfull \hbox (badness 1389) in paragraph at lines 395--395
\TU/lmr/m/n/10 Curta Da Escala De Confiana No
 []


Underfull \hbox (badness 1565) in paragraph at lines 395--395
[]\TU/lmr/m/n/10 Efeitos Da Vibrao De Corpo In-
 []



[7]

[8

]
Underfull \hbox (badness 1231) in paragraph at lines 491--491
[]\TU/lmr/bx/n/10 ABORDAGEM FISIOTERAPUTICA EM NEU-
 []


Underfull \hbox (badness 1383) in paragraph at lines 491--491
\TU/lmr/bx/n/10 PROMOTE HAND FUNCTION IN CHILDREN
 []


Underfull \hbox (badness 7576) in paragraph at lines 491--491
[]\TU/lmr/bx/n/10 ELETROMIOGRAFIA APLICADA AO MOVI-
 []


Underfull \hbox (badness 2626) in paragraph at lines 491--491
[]\TU/lmr/bx/n/10 MTODOS E TCNICAS EM FISIOTERAPIA
 []


Underfull \hbox (badness 2020) in paragraph at lines 491--491
\TU/lmr/bx/n/10 VENES NAS DISFUNES URO GINECO-
 []


Underfull \hbox (badness 2626) in paragraph at lines 491--491
[]\TU/lmr/bx/n/10 MTODOS E TCNICAS EM FISIOTERAPIA
 []


Underfull \hbox (badness 1067) in paragraph at lines 491--491
[]\TU/lmr/bx/n/10 REABILITAO NAS DOENAS CARDIOVAS-
 []


Underfull \hbox (badness 10000) in paragraph at lines 491--491
[]\TU/lmr/bx/n/10 SCIEN. RESEAR.PRIORITIES UPDATE IN
 []


Underfull \hbox (badness 4181) in paragraph at lines 491--491
\TU/lmr/bx/n/10 PHYSICAL THERAPY ASSESSMENT MANA-
 []


Underfull \hbox (badness 10000) in paragraph at lines 491--491
\TU/lmr/bx/n/10 GEMENT/PRIORI. INVESTIGACIN CIENT
 []


Underfull \hbox (badness 10000) in paragraph at lines 491--491
[]\TU/lmr/bx/n/10 SCIEN. RESEAR.PRIORITIES UPDATE IN
 []


Underfull \hbox (badness 4181) in paragraph at lines 491--491
\TU/lmr/bx/n/10 PHYSICAL THERAPY ASSESSMENT MANA-
 []


Underfull \hbox (badness 10000) in paragraph at lines 491--491
\TU/lmr/bx/n/10 GEMENT/PRIORI. INVESTIGACIN CIENT
 []


Underfull \hbox (badness 1231) in paragraph at lines 491--491
[]\TU/lmr/bx/n/10 ABORDAGEM FISIOTERAPUTICA EM NEU-
 []


Underfull \hbox (badness 1383) in paragraph at lines 491--491
\TU/lmr/bx/n/10 PROMOTE HAND FUNCTION IN CHILDREN
 []


Underfull \hbox (badness 7576) in paragraph at lines 491--491
[]\TU/lmr/bx/n/10 ELETROMIOGRAFIA APLICADA AO MOVI-
 []



[9

]
Underfull \hbox (badness 2626) in paragraph at lines 491--491
[]\TU/lmr/bx/n/10 MTODOS E TCNICAS EM FISIOTERAPIA
 []



[10]
Underfull \hbox (badness 2020) in paragraph at lines 491--491
\TU/lmr/bx/n/10 VENES NAS DISFUNES URO GINECO-
 []


Underfull \hbox (badness 2626) in paragraph at lines 491--491
[]\TU/lmr/bx/n/10 MTODOS E TCNICAS EM FISIOTERAPIA
 []


Underfull \hbox (badness 1067) in paragraph at lines 491--491
[]\TU/lmr/bx/n/10 REABILITAO NAS DOENAS CARDIOVAS-
 []


Underfull \hbox (badness 10000) in paragraph at lines 491--491
[]\TU/lmr/bx/n/10 SCIEN. RESEAR.PRIORITIES UPDATE IN
 []


Underfull \hbox (badness 4181) in paragraph at lines 491--491
\TU/lmr/bx/n/10 PHYSICAL THERAPY ASSESSMENT MANA-
 []


Underfull \hbox (badness 10000) in paragraph at lines 491--491
\TU/lmr/bx/n/10 GEMENT/PRIORI. INVESTIGACIN CIENT
 []


Underfull \hbox (badness 10000) in paragraph at lines 491--491
[]\TU/lmr/bx/n/10 SCIEN. RESEAR.PRIORITIES UPDATE IN
 []


Underfull \hbox (badness 4181) in paragraph at lines 491--491
\TU/lmr/bx/n/10 PHYSICAL THERAPY ASSESSMENT MANA-
 []


Underfull \hbox (badness 10000) in paragraph at lines 491--491
\TU/lmr/bx/n/10 GEMENT/PRIORI. INVESTIGACIN CIENT
 []



[11]
Underfull \hbox (badness 1231) in paragraph at lines 550--550
[]\TU/lmr/bx/n/10 ABORDAGEM FISIOTERAPUTICA EM NEU-
 []


Underfull \hbox (badness 1383) in paragraph at lines 550--550
\TU/lmr/bx/n/10 PROMOTE HAND FUNCTION IN CHILDREN
 []


Underfull \hbox (badness 7576) in paragraph at lines 550--550
[]\TU/lmr/bx/n/10 ELETROMIOGRAFIA APLICADA AO MOVI-
 []


Underfull \hbox (badness 2626) in paragraph at lines 550--550
[]\TU/lmr/bx/n/10 MTODOS E TCNICAS EM FISIOTERAPIA
 []


Underfull \hbox (badness 2020) in paragraph at lines 550--550
\TU/lmr/bx/n/10 VENES NAS DISFUNES URO GINECO-
 []


Underfull \hbox (badness 2626) in paragraph at lines 550--550
[]\TU/lmr/bx/n/10 MTODOS E TCNICAS EM FISIOTERAPIA
 []


Underfull \hbox (badness 1067) in paragraph at lines 550--550
[]\TU/lmr/bx/n/10 REABILITAO NAS DOENAS CARDIOVAS-
 []


Underfull \hbox (badness 10000) in paragraph at lines 550--550
[]\TU/lmr/bx/n/10 SCIEN. RESEAR.PRIORITIES UPDATE IN
 []


Underfull \hbox (badness 4181) in paragraph at lines 550--550
\TU/lmr/bx/n/10 PHYSICAL THERAPY ASSESSMENT MANA-
 []


Underfull \hbox (badness 10000) in paragraph at lines 550--550
\TU/lmr/bx/n/10 GEMENT/PRIORI. INVESTIGACIN CIENT
 []


Underfull \hbox (badness 10000) in paragraph at lines 550--550
[]\TU/lmr/bx/n/10 SCIEN. RESEAR.PRIORITIES UPDATE IN
 []


Underfull \hbox (badness 4181) in paragraph at lines 550--550
\TU/lmr/bx/n/10 PHYSICAL THERAPY ASSESSMENT MANA-
 []


Underfull \hbox (badness 10000) in paragraph at lines 550--550
\TU/lmr/bx/n/10 GEMENT/PRIORI. INVESTIGACIN CIENT
 []


Underfull \hbox (badness 1231) in paragraph at lines 550--550
[]\TU/lmr/bx/n/10 ABORDAGEM FISIOTERAPUTICA EM NEU-
 []


Underfull \hbox (badness 1383) in paragraph at lines 550--550
\TU/lmr/bx/n/10 PROMOTE HAND FUNCTION IN CHILDREN
 []


Underfull \hbox (badness 7576) in paragraph at lines 550--550
[]\TU/lmr/bx/n/10 ELETROMIOGRAFIA APLICADA AO MOVI-
 []



[12]
Underfull \hbox (badness 2626) in paragraph at lines 550--550
[]\TU/lmr/bx/n/10 MTODOS E TCNICAS EM FISIOTERAPIA
 []



[13]
Underfull \hbox (badness 2020) in paragraph at lines 550--550
\TU/lmr/bx/n/10 VENES NAS DISFUNES URO GINECO-
 []


Underfull \hbox (badness 2626) in paragraph at lines 550--550
[]\TU/lmr/bx/n/10 MTODOS E TCNICAS EM FISIOTERAPIA
 []


Underfull \hbox (badness 1067) in paragraph at lines 550--550
[]\TU/lmr/bx/n/10 REABILITAO NAS DOENAS CARDIOVAS-
 []


Underfull \hbox (badness 10000) in paragraph at lines 550--550
[]\TU/lmr/bx/n/10 SCIEN. RESEAR.PRIORITIES UPDATE IN
 []


Underfull \hbox (badness 4181) in paragraph at lines 550--550
\TU/lmr/bx/n/10 PHYSICAL THERAPY ASSESSMENT MANA-
 []


Underfull \hbox (badness 10000) in paragraph at lines 550--550
\TU/lmr/bx/n/10 GEMENT/PRIORI. INVESTIGACIN CIENT
 []


Underfull \hbox (badness 10000) in paragraph at lines 550--550
[]\TU/lmr/bx/n/10 SCIEN. RESEAR.PRIORITIES UPDATE IN
 []


Underfull \hbox (badness 4181) in paragraph at lines 550--550
\TU/lmr/bx/n/10 PHYSICAL THERAPY ASSESSMENT MANA-
 []


Underfull \hbox (badness 10000) in paragraph at lines 550--550
\TU/lmr/bx/n/10 GEMENT/PRIORI. INVESTIGACIN CIENT
 []



[14]
Overfull \hbox (3.09442pt too wide) in paragraph at lines 566--584
 [][] 
 []



[15

]
Overfull \hbox (3.09442pt too wide) in paragraph at lines 597--617
 [][] 
 []



[16]
Overfull \hbox (3.09442pt too wide) in paragraph at lines 629--666
 [][] 
 []



[17]
Overfull \hbox (7.17795pt too wide) in paragraph at lines 681--714
 [][] 
 []



[18

]

[19

]

[20]

[21]

[22


]

[23]

[24

]

[25

]

[26]

[27

]
Overfull \hbox (12.4192pt too wide) in paragraph at lines 981--981
[]\TU/lmr/bx/n/10 PositiveLRC 
 []


Underfull \hbox (badness 3977) in paragraph at lines 981--981
\TU/lmr/bx/n/10 Sistemas Cardiovascular E
 []


Overfull \hbox (12.4192pt too wide) in paragraph at lines 981--981
[]\TU/lmr/bx/n/10 PositiveLRC 
 []


Underfull \hbox (badness 3977) in paragraph at lines 981--981
\TU/lmr/bx/n/10 Sistemas Cardiovascular E
 []



[28]
Overfull \hbox (12.4192pt too wide) in paragraph at lines 1002--1002
[]\TU/lmr/bx/n/10 PositiveLRC 
 []


Overfull \hbox (12.4192pt too wide) in paragraph at lines 1002--1002
[]\TU/lmr/bx/n/10 PositiveLRC 
 []



[29]
Overfull \hbox (12.4192pt too wide) in paragraph at lines 1021--1021
[]\TU/lmr/bx/n/10 PositiveLRC 
 []


Overfull \hbox (12.4192pt too wide) in paragraph at lines 1021--1021
[]\TU/lmr/bx/n/10 PositiveLRC 
 []



[30]
Overfull \hbox (12.4192pt too wide) in paragraph at lines 1043--1043
[]\TU/lmr/bx/n/10 PositiveLRC 
 []


Overfull \hbox (12.4192pt too wide) in paragraph at lines 1043--1043
[]\TU/lmr/bx/n/10 PositiveLRC 
 []



[31]

[32

]

[33]

[34]
Overfull \hbox (3.09442pt too wide) in paragraph at lines 1200--1217
 [][] 
 []



[35]

[36]

[37]

[38]

[39

]

[40]

[41]
Overfull \hbox (3.09442pt too wide) in paragraph at lines 1434--1465
 [][] 
 []



[42

]
Underfull \hbox (badness 7722) in paragraph at lines 1505--1505
[]\TU/lmr/bx/n/10 Avaliao E Inter-
 []


Underfull \hbox (badness 10000) in paragraph at lines 1505--1505
\TU/lmr/bx/n/10 Cardiovascular E
 []


Underfull \hbox (badness 10000) in paragraph at lines 1505--1505
[]\TU/lmr/bx/n/10 Maria Thereza Albuquerque
 []


Underfull \hbox (badness 1389) in paragraph at lines 1505--1505
[]\TU/lmr/bx/n/10 Patricia Angelica De Miranda
 []


Underfull \hbox (badness 7722) in paragraph at lines 1505--1505
[]\TU/lmr/bx/n/10 Avaliao E Inter-
 []


Underfull \hbox (badness 10000) in paragraph at lines 1505--1505
\TU/lmr/bx/n/10 Cardiovascular E
 []


Underfull \hbox (badness 10000) in paragraph at lines 1505--1505
[]\TU/lmr/bx/n/10 Maria Thereza Albuquerque
 []


Underfull \hbox (badness 1389) in paragraph at lines 1505--1505
[]\TU/lmr/bx/n/10 Patricia Angelica De Miranda
 []



[43

]

[44]
Overfull \hbox (7.1784pt too wide) in paragraph at lines 1518--1552
 [][] 
 []



[45


]
Overfull \hbox (7.1784pt too wide) in paragraph at lines 1564--1599
 [][] 
 []



[46]

[47


]

[48]
Overfull \hbox (12.64723pt too wide) in paragraph at lines 1701--1734
 [][] 
 []



[49]

[50

]

[51]
Overfull \hbox (15.0944pt too wide) in paragraph at lines 1761--1807
 [][] 
 []



[52]
Overfull \hbox (3.09444pt too wide) in paragraph at lines 1820--1869
 [][] 
 []



[53]

[54]
File: site.png Graphic file (type bmp)
<site.png>


[55]
File: observatorio.png Graphic file (type bmp)
<observatorio.png>


[56]
Underfull \hbox (badness 10000) in paragraph at lines 1997--1997
[]\TU/lmr/m/n/10 Co-Autor, Examinador Ex-
 []


Underfull \hbox (badness 10000) in paragraph at lines 1997--1997
[]\TU/lmr/m/n/10 Co-Autor, Examinador Ex-
 []


Underfull \hbox (badness 10000) in paragraph at lines 1997--1997
[]\TU/lmr/m/n/10 Co-Autor, Examinador Ex-
 []


Underfull \hbox (badness 8000) in paragraph at lines 1997--1997
[]\TU/lmr/m/n/10 FUNDAO UNIVERSIDADE FEDERAL DE MATO
 []


Underfull \hbox (badness 10000) in paragraph at lines 1997--1997
[]\TU/lmr/m/n/10 Co-Autor, Examinador Ex-
 []


Underfull \hbox (badness 10000) in paragraph at lines 1997--1997
[]\TU/lmr/m/n/10 Co-Autor, Examinador Ex-
 []


Underfull \hbox (badness 10000) in paragraph at lines 1997--1997
[]\TU/lmr/m/n/10 Co-Autor, Examinador Ex-
 []


Underfull \hbox (badness 10000) in paragraph at lines 1997--1997
[]\TU/lmr/m/n/10 Co-Autor, Examinador Ex-
 []


Underfull \hbox (badness 10000) in paragraph at lines 1997--1997
[]\TU/lmr/m/n/10 Co-Autor, Examinador Ex-
 []


Underfull \hbox (badness 10000) in paragraph at lines 1997--1997
[]\TU/lmr/m/n/10 Co-Autor, Examinador Ex-
 []


Underfull \hbox (badness 10000) in paragraph at lines 1997--1997
[]\TU/lmr/m/n/10 Co-Autor, Examinador Ex-
 []


Underfull \hbox (badness 10000) in paragraph at lines 1997--1997
[]\TU/lmr/m/n/10 Co-Autor, Examinador Ex-
 []


Underfull \hbox (badness 10000) in paragraph at lines 1997--1997
[]\TU/lmr/m/n/10 Co-Autor, Examinador Ex-
 []


Underfull \hbox (badness 10000) in paragraph at lines 1997--1997
[]\TU/lmr/m/n/10 Co-Autor, Examinador Ex-
 []


Underfull \hbox (badness 10000) in paragraph at lines 1997--1997
[]\TU/lmr/m/n/10 Co-Autor, Examinador Ex-
 []


Underfull \hbox (badness 10000) in paragraph at lines 1997--1997
[]\TU/lmr/m/n/10 Co-Autor, Examinador Ex-
 []


Underfull \hbox (badness 10000) in paragraph at lines 1997--1997
[]\TU/lmr/m/n/10 Co-Autor, Examinador Ex-
 []


Underfull \hbox (badness 10000) in paragraph at lines 1997--1997
[]\TU/lmr/m/n/10 Co-Autor, Examinador Ex-
 []


Underfull \hbox (badness 10000) in paragraph at lines 1997--1997
[]\TU/lmr/m/n/10 Co-Autor, Examinador Ex-
 []


Underfull \hbox (badness 10000) in paragraph at lines 1997--1997
[]\TU/lmr/m/n/10 Co-Autor, Examinador Ex-
 []


Underfull \hbox (badness 10000) in paragraph at lines 1997--1997
[]\TU/lmr/m/n/10 Co-Autor, Examinador Ex-
 []


Underfull \hbox (badness 10000) in paragraph at lines 1997--1997
[]\TU/lmr/m/n/10 Co-Autor, Examinador Ex-
 []


Underfull \hbox (badness 10000) in paragraph at lines 1997--1997
[]\TU/lmr/m/n/10 Co-Autor, Examinador Ex-
 []


Underfull \hbox (badness 10000) in paragraph at lines 1997--1997
[]\TU/lmr/m/n/10 Co-Autor, Examinador Ex-
 []


Underfull \hbox (badness 10000) in paragraph at lines 1997--1997
[]\TU/lmr/m/n/10 Co-Autor, Examinador Ex-
 []


Underfull \hbox (badness 10000) in paragraph at lines 1997--1997
[]\TU/lmr/m/n/10 Co-Autor, Examinador Ex-
 []


Underfull \hbox (badness 10000) in paragraph at lines 1997--1997
[]\TU/lmr/m/n/10 Co-Autor, Examinador Ex-
 []


Underfull \hbox (badness 10000) in paragraph at lines 1997--1997
[]\TU/lmr/m/n/10 Co-Autor, Examinador Ex-
 []


Underfull \hbox (badness 8000) in paragraph at lines 1997--1997
[]\TU/lmr/m/n/10 FUNDAO UNIVERSIDADE FEDERAL DE MATO
 []


Underfull \hbox (badness 10000) in paragraph at lines 1997--1997
[]\TU/lmr/m/n/10 Co-Autor, Examinador Ex-
 []


Underfull \hbox (badness 10000) in paragraph at lines 1997--1997
[]\TU/lmr/m/n/10 Co-Autor, Examinador Ex-
 []


Underfull \hbox (badness 10000) in paragraph at lines 1997--1997
[]\TU/lmr/m/n/10 Co-Autor, Examinador Ex-
 []



[57

]
Underfull \hbox (badness 10000) in paragraph at lines 1997--1997
[]\TU/lmr/m/n/10 Co-Autor, Examinador Ex-
 []


Underfull \hbox (badness 10000) in paragraph at lines 1997--1997
[]\TU/lmr/m/n/10 Co-Autor, Examinador Ex-
 []


Underfull \hbox (badness 10000) in paragraph at lines 1997--1997
[]\TU/lmr/m/n/10 Co-Autor, Examinador Ex-
 []


Underfull \hbox (badness 10000) in paragraph at lines 1997--1997
[]\TU/lmr/m/n/10 Co-Autor, Examinador Ex-
 []


Underfull \hbox (badness 10000) in paragraph at lines 1997--1997
[]\TU/lmr/m/n/10 Co-Autor, Examinador Ex-
 []



[58]
Underfull \hbox (badness 10000) in paragraph at lines 1997--1997
[]\TU/lmr/m/n/10 Co-Autor, Examinador Ex-
 []


Underfull \hbox (badness 10000) in paragraph at lines 1997--1997
[]\TU/lmr/m/n/10 Co-Autor, Examinador Ex-
 []


Underfull \hbox (badness 10000) in paragraph at lines 1997--1997
[]\TU/lmr/m/n/10 Co-Autor, Examinador Ex-
 []


Underfull \hbox (badness 10000) in paragraph at lines 1997--1997
[]\TU/lmr/m/n/10 Co-Autor, Examinador Ex-
 []


Underfull \hbox (badness 10000) in paragraph at lines 1997--1997
[]\TU/lmr/m/n/10 Co-Autor, Examinador Ex-
 []



[59]
Underfull \hbox (badness 10000) in paragraph at lines 1997--1997
[]\TU/lmr/m/n/10 Co-Autor, Examinador Ex-
 []


Underfull \hbox (badness 10000) in paragraph at lines 1997--1997
[]\TU/lmr/m/n/10 Co-Autor, Examinador Ex-
 []


Underfull \hbox (badness 10000) in paragraph at lines 1997--1997
[]\TU/lmr/m/n/10 Co-Autor, Examinador Ex-
 []


Underfull \hbox (badness 10000) in paragraph at lines 1997--1997
[]\TU/lmr/m/n/10 Co-Autor, Examinador Ex-
 []


Underfull \hbox (badness 10000) in paragraph at lines 1997--1997
[]\TU/lmr/m/n/10 Co-Autor, Examinador Ex-
 []


Underfull \hbox (badness 10000) in paragraph at lines 1997--1997
[]\TU/lmr/m/n/10 Co-Autor, Examinador Ex-
 []


Underfull \hbox (badness 10000) in paragraph at lines 1997--1997
[]\TU/lmr/m/n/10 Co-Autor, Examinador Ex-
 []



[60]
Underfull \hbox (badness 10000) in paragraph at lines 1997--1997
[]\TU/lmr/m/n/10 Co-Autor, Examinador Ex-
 []



[61]
Underfull \hbox (badness 1755) in paragraph at lines 2015--2015
[]\TU/lmr/bx/n/10 JESSICA DANIELLE MEDEI-
 []


Underfull \hbox (badness 1755) in paragraph at lines 2015--2015
[]\TU/lmr/bx/n/10 JESSICA DANIELLE MEDEI-
 []



[62]
Underfull \hbox (badness 10000) in paragraph at lines 2052--2052
[]\TU/lmr/bx/n/10 Ano
 []


Underfull \hbox (badness 10000) in paragraph at lines 2052--2052
\TU/lmr/bx/n/10 (in-
 []


Underfull \hbox (badness 10000) in paragraph at lines 2052--2052
[]\TU/lmr/bx/n/10 Ano
 []


Underfull \hbox (badness 10000) in paragraph at lines 2052--2052
[]\TU/lmr/m/n/10 ANA RAQUEL RODRIGUES
 []


Underfull \hbox (badness 10000) in paragraph at lines 2052--2052
[]\TU/lmr/m/n/10 GUILHERME AUGUSTO DE
 []


Underfull \hbox (badness 2050) in paragraph at lines 2052--2052
[]\TU/lmr/m/n/10 SAIONARA MARIA AIRES DA
 []


Underfull \hbox (badness 1810) in paragraph at lines 2052--2052
[]\TU/lmr/m/n/10 International Journal of Environ-
 []


Underfull \hbox (badness 1137) in paragraph at lines 2052--2052
[]\TU/lmr/m/n/10 GIANE AMORIM RIBEIRO SA-
 []


Underfull \hbox (badness 10000) in paragraph at lines 2052--2052
[]\TU/lmr/bx/n/10 Ano
 []


Underfull \hbox (badness 10000) in paragraph at lines 2052--2052
\TU/lmr/bx/n/10 (in-
 []


Underfull \hbox (badness 10000) in paragraph at lines 2052--2052
[]\TU/lmr/bx/n/10 Ano
 []


Underfull \hbox (badness 10000) in paragraph at lines 2052--2052
[]\TU/lmr/m/n/10 ANA RAQUEL RODRIGUES
 []


Underfull \hbox (badness 10000) in paragraph at lines 2052--2052
[]\TU/lmr/m/n/10 GUILHERME AUGUSTO DE
 []


Underfull \hbox (badness 2050) in paragraph at lines 2052--2052
[]\TU/lmr/m/n/10 SAIONARA MARIA AIRES DA
 []


Underfull \hbox (badness 1810) in paragraph at lines 2052--2052
[]\TU/lmr/m/n/10 International Journal of Environ-
 []



[63]
Underfull \hbox (badness 1137) in paragraph at lines 2052--2052
[]\TU/lmr/m/n/10 GIANE AMORIM RIBEIRO SA-
 []



[64] (./autoavaliacao-2021-2024.aux)
 ***********
LaTeX2e <2024-11-01> patch level 2
L3 programming layer <2025-01-18>
 ***********

LaTeX Warning: There were multiply-defined labels.

 ) 
Here is how much of TeX's memory you used:
 45837 strings out of 475832
 962669 string characters out of 5772403
 1585340 words of memory out of 5000000
 68184 multiletter control sequences out of 15000+600000
 599782 words of font info for 113 fonts, out of 8000000 for 9000
 16 hyphenation exceptions out of 8191
 99i,19n,114p,599b,6276s stack positions out of 10000i,1000n,20000p,200000b,200000s

Output written on autoavaliacao-2021-2024.pdf (67 pages).
